[08:08:41] [ServerMain/INFO]: [bootstrap] Running Java 25 (OpenJDK 64-Bit Server VM 25.0.1+8-LTS; Microsoft Microsoft-12574222) on Linux 6.8.0-1030-azure (amd64)
[08:08:41] [ServerMain/INFO]: [bootstrap] Loading Paper 1.21.5-114-ver/1.21.5@a1b3058 (2025-06-18T10:59:02Z) for Minecraft 1.21.5
[08:08:41] [ServerMain/INFO]: [PluginInitializerManager] Initializing plugins...
[08:08:41] [Paper Plugin Remapper Thread - 2/INFO]: [PluginRemapper] Remapping plugin 'plugins/PlaceholderAPI-2.11.7.jar'...
[08:08:41] [Paper Plugin Remapper Thread - 3/INFO]: [PluginRemapper] Remapping plugin 'plugins/BetterRTP-3.4.2-1.jar'...
[08:08:41] [Paper Plugin Remapper Thread - 1/INFO]: [PluginRemapper] Remapping plugin 'plugins/Shop-8.jar'...
[08:08:41] [Paper Plugin Remapper Thread - 0/INFO]: [PluginRemapper] Remapping plugin 'plugins/worldguard-bukkit-7.0.14-dist.jar'...
[08:08:42] [Paper Plugin Remapper Thread - 3/INFO]: [PluginRemapper] Done remapping plugin 'plugins/BetterRTP-3.4.2-1.jar' in 1070ms.
[08:08:42] [Paper Plugin Remapper Thread - 3/INFO]: [PluginRemapper] Remapping plugin 'plugins/DeluxeHubReloaded-3.7.2.jar'...
[08:08:42] [Paper Plugin Remapper Thread - 1/INFO]: [PluginRemapper] Done remapping plugin 'plugins/Shop-8.jar' in 1171ms.
[08:08:43] [Paper Plugin Remapper Thread - 0/INFO]: [PluginRemapper] Done remapping plugin 'plugins/worldguard-bukkit-7.0.14-dist.jar' in 1336ms.
[08:08:43] [Paper Plugin Remapper Thread - 2/INFO]: [PluginRemapper] Done remapping plugin 'plugins/PlaceholderAPI-2.11.7.jar' in 1517ms.
[08:08:43] [Paper Plugin Remapper Thread - 3/INFO]: [PluginRemapper] Done remapping plugin 'plugins/DeluxeHubReloaded-3.7.2.jar' in 448ms.
[08:08:43] [ServerMain/INFO]: [PluginInitializerManager] Initialized 27 plugins
[08:08:43] [ServerMain/INFO]: [PluginInitializerManager] Paper plugins (1):
 - SmartSpawner (1.5.7.1)
[08:08:43] [ServerMain/INFO]: [PluginInitializerManager] Bukkit plugins (26):
 - AuctionHouse (11), BetterRTP (3.4.2-1), BetterTeams (4.15.2), DeluxeHubReloaded (3.7.2), DonutBaltop (4), DonutHome (4), Essentials (2.21.1), EssentialsChat (2.21.1), EssentialsSpawn (2.21.1), LuckPerms (5.5.17), Multiverse-Core (5.3.4), Multiverse-Inventories (5.2.2), Multiverse-Portals (5.1.1), PhoenixCratesLite (4.3.4), PlaceholderAPI (2.11.7), ServersNPC (5.2), Shop (8), SkinsRestorer (15.9.1), Stats (2), TAB (5.4.0), Vault (1.7.3-b131), ViaBackwards (5.6.0), ViaVersion (5.6.0), WorldEdit (7.3.17+7262-c7fbe08), WorldGuard (7.0.14+2339-43997ec), playit-gg (0.1.4)
[08:08:47] [ServerMain/INFO]: Environment: Environment[sessionHost=https://sessionserver.mojang.com, servicesHost=https://api.minecraftservices.com, name=PROD]
[08:08:49] [ServerMain/INFO]: Loaded 1373 recipes
[08:08:49] [ServerMain/INFO]: Loaded 1484 advancements
[08:08:49] [Server thread/INFO]: Starting minecraft server version 1.21.5
[08:08:49] [Server thread/INFO]: Loading properties
[08:08:49] [Server thread/INFO]: This server is running Paper version 1.21.5-114-ver/1.21.5@a1b3058 (2025-06-18T10:59:02Z) (Implementing API version 1.21.5-R0.1-SNAPSHOT)
[08:08:49] [Server thread/INFO]: [spark] This server bundles the spark profiler. For more information please visit https://docs.papermc.io/paper/profiling
[08:08:49] [Server thread/INFO]: Server Ping Player Sample Count: 12
[08:08:49] [Server thread/INFO]: Using 4 threads for Netty based IO
[08:08:50] [Server thread/INFO]: [MoonriseCommon] Paper is using 1 worker threads, 1 I/O threads
[08:08:50] [Server thread/INFO]: [ChunkTaskScheduler] Chunk system is using population gen parallelism: true
[08:08:50] [Server thread/INFO]: Default game type: SURVIVAL
[08:08:50] [Server thread/INFO]: Generating keypair
[08:08:50] [Server thread/INFO]: Starting Minecraft server on *:25565
[08:08:50] [Server thread/INFO]: Using epoll channel type
[08:08:50] [Server thread/INFO]: Paper: Using libdeflate (Linux x86_64) compression from Velocity.
[08:08:50] [Server thread/INFO]: Paper: Using OpenSSL 3.x.x (Linux x86_64) cipher from Velocity.
[08:08:51] [Server thread/INFO]: [ViaVersion] Loading server plugin ViaVersion v5.6.0
[08:08:51] [Server thread/INFO]: [ViaVersion] ViaVersion 5.6.0 is now loaded. Registering protocol transformers and injecting...
[08:08:52] [Via-Mappingloader-1/INFO]: [ViaVersion] Loading block connection mappings ...
[08:08:52] [Via-Mappingloader-1/INFO]: [ViaVersion] Using FastUtil Long2ObjectOpenHashMap for block connections
[08:08:52] [Server thread/INFO]: [ViaBackwards] Loading translations...
[08:08:52] [Server thread/INFO]: [ViaBackwards] Registering protocols...
[08:08:53] [Server thread/INFO]: [LuckPerms] Loading server plugin LuckPerms v5.5.17
[08:08:53] [Server thread/INFO]: [LuckPerms] Loading configuration...
[08:08:53] [Server thread/INFO]: [PlaceholderAPI] Loading server plugin PlaceholderAPI v2.11.7
[08:08:53] [Server thread/INFO]: [Vault] Loading server plugin Vault v1.7.3-b131
[08:08:53] [Server thread/INFO]: [CoreLogging] Loading server plugin Multiverse-Core v5.3.4
[08:08:53] [Server thread/INFO]: [WorldEdit] Loading server plugin WorldEdit v7.3.17+7262-c7fbe08
[08:08:54] [Server thread/INFO]: Got request to register class com.sk89q.worldedit.bukkit.BukkitServerInterface with WorldEdit [com.sk89q.worldedit.extension.platform.PlatformManager@71d8d559]
[08:08:54] [Server thread/INFO]: [DeluxeHubReloaded] Loading server plugin DeluxeHubReloaded v3.7.2
[08:08:54] [Server thread/INFO]: [ViaBackwards] Loading server plugin ViaBackwards v5.6.0
[08:08:54] [Server thread/INFO]: [WorldGuard] Loading server plugin WorldGuard v7.0.14+2339-43997ec
[08:08:54] [Server thread/INFO]: [Essentials] Loading server plugin Essentials v2.21.1
[08:08:54] [Server thread/INFO]: [SkinsRestorer] Loading server plugin SkinsRestorer v15.9.1
[08:08:54] [Server thread/INFO]: [ServersNPC] Loading server plugin ServersNPC v5.2
[08:08:54] [Server thread/INFO]: [AuctionHouse] Loading server plugin AuctionHouse v11
[08:08:54] [Server thread/INFO]: [Multiverse-Inventories] Loading server plugin Multiverse-Inventories v5.2.2
[08:08:54] [Server thread/INFO]: [SmartSpawner] Loading server plugin SmartSpawner v1.5.7.1
[08:08:54] [Server thread/INFO]: [Multiverse-Portals] Loading server plugin Multiverse-Portals v5.1.1
[08:08:54] [Server thread/INFO]: [EssentialsSpawn] Loading server plugin EssentialsSpawn v2.21.1
[08:08:54] [Server thread/INFO]: [Stats] Loading server plugin Stats v2
[08:08:54] [Server thread/INFO]: [Shop] Loading server plugin Shop v8
[08:08:54] [Server thread/INFO]: [PhoenixCratesLite] Loading server plugin PhoenixCratesLite v4.3.4
[08:08:54] [Server thread/INFO]: [BetterRTP] Loading server plugin BetterRTP v3.4.2-1
[08:08:54] [Server thread/INFO]: [DonutBaltop] Loading server plugin DonutBaltop v4
[08:08:54] [Server thread/INFO]: [playit-gg] Loading server plugin playit-gg v0.1.4
[08:08:54] [Server thread/INFO]: [TAB] Loading server plugin TAB v5.4.0
[08:08:54] [Server thread/INFO]: [DonutHome] Loading server plugin DonutHome v4
[08:08:54] [Server thread/INFO]: [EssentialsChat] Loading server plugin EssentialsChat v2.21.1
[08:08:54] [Server thread/INFO]: [BetterTeams] Loading server plugin BetterTeams v4.15.2
[08:08:54] [Server thread/INFO]: [BetterTeams] [BetterTeams] Checking if the file config.yml is up to date
[08:08:54] [Server thread/INFO]: [BetterTeams] [BetterTeams] File is up to date
[08:08:54] [Server thread/INFO]: Server permissions file permissions.yml is empty, ignoring it
[08:08:54] [Server thread/INFO]: [LuckPerms] Enabling LuckPerms v5.5.17
[08:08:54] [Server thread/INFO]:         __    
[08:08:54] [Server thread/INFO]:   |    |__)   LuckPerms v5.5.17
[08:08:54] [Server thread/INFO]:   |___ |      Running on Bukkit - Paper
[08:08:54] [Server thread/INFO]: 
[08:08:54] [Server thread/INFO]: [LuckPerms] Loading storage provider... [H2]
[08:08:55] [Server thread/INFO]: [LuckPerms] Loading internal permission managers...
[08:08:55] [Server thread/INFO]: [LuckPerms] Performing initial data load...
[08:08:55] [Server thread/INFO]: [LuckPerms] Successfully enabled. (took 1212ms)
[08:08:55] [Server thread/INFO]: [Vault] Enabling Vault v1.7.3-b131
[08:08:55] [Server thread/INFO]: [Vault] [Economy] Essentials Economy found: Waiting
[08:08:55] [Server thread/INFO]: [Vault] [Permission] SuperPermissions loaded as backup permission system.
[08:08:55] [Server thread/INFO]: [Vault] Enabled Version 1.7.3-b131
[08:08:55] [Server thread/INFO]: [LuckPerms] Registered Vault permission & chat hook.
[08:08:55] [Server thread/INFO]: [WorldEdit] Enabling WorldEdit v7.3.17+7262-c7fbe08
[08:08:55] [Server thread/INFO]: Registering commands with com.sk89q.worldedit.bukkit.BukkitServerInterface
[08:08:55] [Server thread/INFO]: WEPIF: Vault detected! Using Vault for permissions
[08:08:56] [Server thread/INFO]: Using com.sk89q.worldedit.bukkit.adapter.impl.v1_21_5.PaperweightAdapter as the Bukkit adapter
[08:08:57] [Server thread/INFO]: [SkinsRestorer] Enabling SkinsRestorer v15.9.1
[08:08:58] [Server thread/INFO]: [SkinsRestorer] Running on Minecraft 1.21.5.
[08:08:58] [Server thread/INFO]: [SkinsRestorer] Using paper join listener!
[08:08:58] [Server thread/INFO]: [PlaceholderAPI] Successfully registered internal expansion: skinsrestorer [15.9.1]
[08:08:58] [Server thread/INFO]: [SkinsRestorer] PlaceholderAPI expansion registered!
[08:08:58] [Server thread/INFO]: [Stats] Enabling Stats v2
[08:08:58] [Folia Async Scheduler Thread #1/INFO]: [SkinsRestorer] ----------------------------------------------
[08:08:58] [Folia Async Scheduler Thread #1/INFO]: [SkinsRestorer]     +==================+
[08:08:58] [Folia Async Scheduler Thread #1/INFO]: [SkinsRestorer]     |   SkinsRestorer  |
[08:08:58] [Folia Async Scheduler Thread #1/INFO]: [SkinsRestorer]     |------------------|
[08:08:58] [Folia Async Scheduler Thread #1/INFO]: [SkinsRestorer]     |  Standalone Mode |
[08:08:58] [Folia Async Scheduler Thread #1/INFO]: [SkinsRestorer]     +==================+
[08:08:58] [Folia Async Scheduler Thread #1/INFO]: [SkinsRestorer] ----------------------------------------------
[08:08:58] [Folia Async Scheduler Thread #1/INFO]: [SkinsRestorer]     Version: 15.9.1
[08:08:58] [Folia Async Scheduler Thread #1/INFO]: [SkinsRestorer]     Commit: ee713cb
[08:08:58] [Folia Async Scheduler Thread #1/INFO]: [SkinsRestorer]     This is the latest version!
[08:08:58] [Folia Async Scheduler Thread #1/INFO]: [SkinsRestorer] ----------------------------------------------
[08:08:58] [Folia Async Scheduler Thread #1/INFO]: [SkinsRestorer] Do you have issues? Read our troubleshooting guide: https://skinsrestorer.net/docs/troubleshooting
[08:08:58] [Folia Async Scheduler Thread #1/INFO]: [SkinsRestorer] Want to support SkinsRestorer? Consider donating: https://skinsrestorer.net/donate
[08:08:59] [Server thread/INFO]: [Stats]   ____ _____ ____  _   _    _    ____ _____ 
[08:08:59] [Server thread/INFO]: [Stats]  / ___| ____|  _ \| | | |  / \  |  _ \_   _| 
[08:08:59] [Server thread/INFO]: [Stats] | |  _|  _| | |_) | |_| | / _ \ | |_) || |  
[08:08:59] [Server thread/INFO]: [Stats] | |_| | |___|  _ <|  _  |/ ___ \|  _ < | |  
[08:08:59] [Server thread/INFO]: [Stats]  \____|_____|_| \_\_| |_/_/   \_\_| \_\|_|  
[08:08:59] [Server thread/INFO]: [Stats] / ___|_   _| | | |  _ \_ _/ _ \/ ___|       
[08:08:59] [Server thread/INFO]: [Stats] \___ \ | | | | | | | | | | | | | \___ \       
[08:08:59] [Server thread/INFO]: [Stats]  ___) || | | |_| | |_| | | |_| |___) |      
[08:08:59] [Server thread/INFO]: [Stats] |____/ |_|  \___/|____/___\___/|____/       
[08:08:59] [Server thread/INFO]: [Stats] 
[08:08:59] [Server thread/INFO]: [Stats] ╔══════════════════════════════════════════╗
[08:08:59] [Server thread/INFO]: [Stats] ║               LICENSE ACTIVATED          ║
[08:08:59] [Server thread/INFO]: [Stats] ╠══════════════════════════════════════════╣
[08:08:59] [Server thread/INFO]: [Stats] ║ Key: 300H-BFW3-7FXI                      ║
[08:08:59] [Server thread/INFO]: [Stats] ║ Status: VALID                            ║
[08:08:59] [Server thread/INFO]: [Stats] ╚══════════════════════════════════════════╝
[08:08:59] [Server thread/INFO]: [Stats]               Gerhart Studios
[08:08:59] [Server thread/INFO]: [Shop] Enabling Shop v8
[08:09:10] [Server thread/INFO]: [Shop] 
[08:09:10] [Server thread/INFO]: [Shop] 
[08:09:10] [Server thread/INFO]: [Shop]    _____           _                _    
[08:09:10] [Server thread/INFO]: [Shop]   / ____|         | |              | |   
[08:09:10] [Server thread/INFO]: [Shop]  | |  __  ___ _ __| |__   __ _ _ __| |_  
[08:09:10] [Server thread/INFO]: [Shop]  | | |_ |/ _ \ '__| '_ \ / _` | '__| __| 
[08:09:10] [Server thread/INFO]: [Shop]  | |__| |  __/ |  | | | | (_| | |  | |_  
[08:09:10] [Server thread/INFO]: [Shop]   \_____|\___|_|  |_| |_|\__,_|_|   \__| 
[08:09:10] [Server thread/INFO]: [Shop]   / ____| |           | (_)              
[08:09:10] [Server thread/INFO]: [Shop]  | (___ | |_ _   _  __| |_  ___  ___     
[08:09:10] [Server thread/INFO]: [Shop]   \___ \| __| | | |/ _` | |/ _ \/ __|    
[08:09:10] [Server thread/INFO]: [Shop]   ____) | |_| |_| | (_| | | (_) \__ \    
[08:09:10] [Server thread/INFO]: [Shop]  |_____/ \__|\__,_|\__,_|_|\___/|___/    
[08:09:10] [Server thread/INFO]: [Shop]  
[08:09:10] [Server thread/INFO]: [Shop]                                    
[08:09:10] [Server thread/INFO]: [Shop] License: IYDT-PPSV-VU9X
[08:09:10] [Server thread/INFO]: [Shop] Status: Valid   
[08:09:10] [Server thread/INFO]: [Shop]                                    
[08:09:10] [Server thread/INFO]: [Shop] 
[08:09:10] [Server thread/INFO]: [Shop] 
[08:09:10] [Server thread/WARN]: **** SERVER IS RUNNING IN OFFLINE/INSECURE MODE!
[08:09:10] [Server thread/WARN]: The server will make no attempt to authenticate usernames. Beware.
[08:09:10] [Server thread/WARN]: While this makes the game possible to play without internet access, it also opens up the ability for hackers to connect with any username they choose.
[08:09:10] [Server thread/WARN]: To change this, set "online-mode" to "true" in the server.properties file.
[08:09:10] [Server thread/INFO]: Preparing level "world"
[08:09:12] [Server thread/INFO]: Preparing start region for dimension minecraft:overworld
[08:09:12] [Server thread/INFO]: Time elapsed: 6 ms
[08:09:12] [Server thread/INFO]: Preparing start region for dimension minecraft:the_nether
[08:09:12] [Server thread/INFO]: Time elapsed: 0 ms
[08:09:12] [Server thread/INFO]: Preparing start region for dimension minecraft:the_end
[08:09:12] [Server thread/INFO]: Time elapsed: 0 ms
[08:09:12] [Server thread/INFO]: [ViaVersion] Enabling ViaVersion v5.6.0
[08:09:12] [Server thread/INFO]: [ViaVersion] ViaVersion detected server version: 1.21.5 (770)
[08:09:12] [Server thread/INFO]: [PlaceholderAPI] Enabling PlaceholderAPI v2.11.7
[08:09:12] [Server thread/INFO]: [PlaceholderAPI] Fetching available expansion information...
[08:09:12] [Server thread/INFO]: [Multiverse-Core] Enabling Multiverse-Core v5.3.4
[08:09:13] [Server thread/INFO]: [PlaceholderAPI] Successfully registered internal expansion: multiverse-core [5.3.4]
[08:09:13] [Server thread/INFO]: [Multiverse-Core] API service loaded!
[08:09:13] [Server thread/INFO]: [Multiverse-Core] Version 5.3.4 (API v5.3) Enabled - By dumptruckman, Rigby, fernferret, lithium3141, main--, benwoo1110 and Zax71
[08:09:13] [Server thread/INFO]: [Multiverse-Core] Loving Multiverse-Core? Please consider supporting the project with a small donation: https://github.com/sponsors/Multiverse
[08:09:13] [Server thread/INFO]: [DeluxeHubReloaded] Enabling DeluxeHubReloaded v3.7.2
[08:09:13] [Server thread/INFO]: [DeluxeHubReloaded] Based on original code from DeluxeHub
[08:09:13] [Server thread/INFO]: [DeluxeHubReloaded] Modified, and maintained by Strafbefehl, 2025
[08:09:13] [Server thread/INFO]: [DeluxeHubReloaded]  Hooked into PlaceholderAPI
[08:09:13] [Server thread/INFO]: [DeluxeHubReloaded] Loaded custom menu 'serverselector'.
[08:09:13] [Server thread/INFO]: [DeluxeHubReloaded] [ACF] Enabled Asynchronous Tab Completion Support!
[08:09:13] [Server thread/INFO]: [DeluxeHubReloaded] Loaded 13 plugin modules.
[08:09:13] [Server thread/INFO]: [DeluxeHubReloaded] 
[08:09:13] [Server thread/INFO]: [DeluxeHubReloaded] Successfully loaded in 325ms
[08:09:13] [Server thread/INFO]: [ViaBackwards] Enabling ViaBackwards v5.6.0
[08:09:14] [Server thread/INFO]: [WorldGuard] Enabling WorldGuard v7.0.14+2339-43997ec
[08:09:14] [Server thread/INFO]: [WorldGuard] (world) TNT ignition is PERMITTED.
[08:09:14] [Server thread/INFO]: [WorldGuard] (world) Lighters are PERMITTED.
[08:09:14] [Server thread/INFO]: [WorldGuard] (world) Lava fire is PERMITTED.
[08:09:14] [Server thread/INFO]: [WorldGuard] (world) Fire spread is UNRESTRICTED.
[08:09:14] [Server thread/INFO]: [WorldGuard] Loaded configuration for world 'world'
[08:09:14] [Server thread/INFO]: [WorldGuard] (world_nether) TNT ignition is PERMITTED.
[08:09:14] [Server thread/INFO]: [WorldGuard] (world_nether) Lighters are PERMITTED.
[08:09:14] [Server thread/INFO]: [WorldGuard] (world_nether) Lava fire is PERMITTED.
[08:09:14] [Server thread/INFO]: [WorldGuard] (world_nether) Fire spread is UNRESTRICTED.
[08:09:14] [Server thread/INFO]: [WorldGuard] Loaded configuration for world 'world_nether'
[08:09:14] [Server thread/INFO]: [WorldGuard] (world_the_end) TNT ignition is PERMITTED.
[08:09:14] [Server thread/INFO]: [WorldGuard] (world_the_end) Lighters are PERMITTED.
[08:09:14] [Server thread/INFO]: [WorldGuard] (world_the_end) Lava fire is PERMITTED.
[08:09:14] [Server thread/INFO]: [WorldGuard] (world_the_end) Fire spread is UNRESTRICTED.
[08:09:14] [Server thread/INFO]: [WorldGuard] Loaded configuration for world 'world_the_end'
[08:09:14] [Server thread/INFO]: [WorldGuard] Loading region data...
[08:09:14] [Server thread/INFO]: [Essentials] Enabling Essentials v2.21.1
[08:09:14] [Server thread/INFO]: [Essentials] Attempting to convert old kits in config.yml to new kits.yml
[08:09:14] [Server thread/INFO]: [Essentials] No kits found to migrate.
[08:09:14] [Server thread/INFO]: [Essentials] Starting Essentials ban format conversion
[08:09:14] [Server thread/INFO]: [Essentials] Found 169 files to convert...
[08:09:14] [Server thread/INFO]: [Essentials] Converted 0/169
[08:09:14] [Server thread/INFO]: [Essentials] Ban format update complete.
[08:09:14] [Server thread/INFO]: [Essentials] Attempting to migrate ignore list to UUIDs
[08:09:15] [Server thread/INFO]: [Essentials] Done converting ignore list.
[08:09:15] [Server thread/INFO]: [Essentials] Attempting to migrate legacy userdata keys to Configurate
[08:09:15] [Server thread/INFO]: [Essentials] Done converting legacy userdata keys to Configurate.
[08:09:15] [Server thread/INFO]: [Essentials] Done converting mail list.
[08:09:15] [Server thread/INFO]: [Essentials] #===========================================================================#
[08:09:15] [Server thread/INFO]: [Essentials]  EssentialsX will now purge any NPC accounts which were incorrectly created.
[08:09:15] [Server thread/INFO]: [Essentials]  Only NPC accounts with the default starting balance will be deleted. If
[08:09:15] [Server thread/INFO]: [Essentials]  they turn out to be valid NPC accounts, they will be re-created as needed.
[08:09:15] [Server thread/INFO]: [Essentials]  Any files deleted here will be backed up to the 
[08:09:15] [Server thread/INFO]: [Essentials]  "plugins/Essentials/userdata-npc-backup" folder. If you notice any files
[08:09:15] [Server thread/INFO]: [Essentials]  have been purged incorrectly, you should restore it from the backup and
[08:09:15] [Server thread/INFO]: [Essentials]  report it to us on GitHub:
[08:09:15] [Server thread/INFO]: [Essentials]  https://github.com/EssentialsX/Essentials/issues/new/choose
[08:09:15] [Server thread/INFO]: [Essentials] 
[08:09:15] [Server thread/INFO]: [Essentials]  NOTE: This is a one-time process and will take several minutes if you have
[08:09:15] [Server thread/INFO]: [Essentials]  a lot of userdata files! If you interrupt this process, EssentialsX will
[08:09:15] [Server thread/INFO]: [Essentials]  skip the process until you rename or remove the backup folder.
[08:09:15] [Server thread/INFO]: [Essentials] #===========================================================================#
[08:09:15] [Server thread/INFO]: [Essentials] Found ~169 files under "plugins/Essentials/userdata"...
[08:09:15] [Server thread/INFO]: [Essentials] #===========================================================================#
[08:09:15] [Server thread/INFO]: [Essentials]  EssentialsX has finished purging NPC accounts.
[08:09:15] [Server thread/INFO]: [Essentials] 
[08:09:15] [Server thread/INFO]: [Essentials]  Deleted accounts: 168
[08:09:15] [Server thread/INFO]: [Essentials]  Total accounts processed: 169
[08:09:15] [Server thread/INFO]: [Essentials] 
[08:09:15] [Server thread/INFO]: [Essentials]  Purged accounts have been backed up to
[08:09:15] [Server thread/INFO]: [Essentials]  "plugins/Essentials/userdata-npc-backup", and can be restored from there
[08:09:15] [Server thread/INFO]: [Essentials]  if needed. Please report any files which have been incorrectly deleted
[08:09:15] [Server thread/INFO]: [Essentials]  to us on GitHub:
[08:09:15] [Server thread/INFO]: [Essentials]  https://github.com/EssentialsX/Essentials/issues/new/choose
[08:09:15] [Server thread/INFO]: [Essentials] #===========================================================================#
[08:09:15] [Server thread/INFO]: [Essentials] Selected 1.11+ Item Unbreakable Provider as the provider for ItemUnbreakableProvider
[08:09:15] [Server thread/INFO]: [Essentials] Selected Paper Tick Count Provider as the provider for TickCountProvider
[08:09:15] [Server thread/INFO]: [Essentials] Selected Paper Biome Key Provider as the provider for BiomeKeyProvider
[08:09:15] [Server thread/INFO]: [Essentials] Selected 1.21+ InventoryView Interface ABI Provider as the provider for InventoryViewProvider
[08:09:15] [Server thread/INFO]: [Essentials] Selected 1.12+ Spawner Block Provider as the provider for SpawnerBlockProvider
[08:09:15] [Server thread/INFO]: [Essentials] Selected 1.14+ Sign Data Provider as the provider for SignDataProvider
[08:09:15] [Server thread/INFO]: [Essentials] Selected Paper Server State Provider as the provider for ServerStateProvider
[08:09:15] [Server thread/INFO]: [Essentials] Selected 1.13+ Spawn Egg Provider as the provider for SpawnEggProvider
[08:09:15] [Server thread/INFO]: [Essentials] Selected Paper Known Commands Provider as the provider for KnownCommandsProvider
[08:09:15] [Server thread/INFO]: [Essentials] Selected 1.17.1+ World Info Provider as the provider for WorldInfoProvider
[08:09:15] [Server thread/INFO]: [Essentials] Selected 1.12.2+ Player Locale Provider as the provider for PlayerLocaleProvider
[08:09:15] [Server thread/INFO]: [Essentials] Selected Paper Material Tag Provider as the provider for MaterialTagProvider
[08:09:15] [Server thread/INFO]: [Essentials] Selected 1.20.5+ Banner Data Provider as the provider for BannerDataProvider
[08:09:15] [Server thread/INFO]: [Essentials] Selected 1.14.4+ Persistent Data Container Provider as the provider for PersistentDataProvider
[08:09:15] [Server thread/INFO]: [Essentials] Selected 1.21.4+ Sync Commands Provider as the provider for SyncCommandsProvider
[08:09:15] [Server thread/INFO]: [Essentials] Selected 1.20.6+ Potion Meta Provider as the provider for PotionMetaProvider
[08:09:15] [Server thread/INFO]: [Essentials] Selected 1.8.3+ Spawner Item Provider as the provider for SpawnerItemProvider
[08:09:15] [Server thread/INFO]: [Essentials] Selected Paper Container Provider as the provider for ContainerProvider
[08:09:15] [Server thread/INFO]: [Essentials] Selected Reflection Formatted Command Alias Provider as the provider for FormattedCommandAliasProvider
[08:09:15] [Server thread/INFO]: [Essentials] Selected Paper Serialization Provider as the provider for SerializationProvider
[08:09:15] [Server thread/INFO]: [Essentials] Selected 1.20.4+ Damage Event Provider as the provider for DamageEventProvider
[08:09:15] [Server thread/INFO]: [Essentials] Selected Reflection Online Mode Provider as the provider for OnlineModeProvider
[08:09:15] [Server thread/INFO]: [Essentials] Loaded 43517 items from items.json.
[08:09:15] [Server thread/INFO]: [Essentials] Using locale en
[08:09:16] [Server thread/INFO]: [Essentials] ServerListPingEvent: Spigot iterator API
[08:09:16] [Server thread/INFO]: [Essentials] Starting Metrics. Opt-out using the global bStats config.
[08:09:16] [Server thread/INFO]: [Vault] [Economy] Essentials Economy hooked.
[08:09:16] [Server thread/INFO]: [Essentials] Using Vault based permissions (LuckPerms)
[08:09:16] [Server thread/INFO]: [ServersNPC] Enabling ServersNPC v5.2
[08:09:16] [Server thread/INFO]: [AuctionHouse] Enabling AuctionHouse v11
[08:09:16] [Server thread/INFO]: [AuctionHouse] 
[08:09:16] [Server thread/INFO]: [AuctionHouse] 
[08:09:16] [Server thread/INFO]: [AuctionHouse]    _____           _                _    
[08:09:16] [Server thread/INFO]: [AuctionHouse]   / ____|         | |              | |   
[08:09:16] [Server thread/INFO]: [AuctionHouse]  | |  __  ___ _ __| |__   __ _ _ __| |_  
[08:09:16] [Server thread/INFO]: [AuctionHouse]  | | |_ |/ _ \ '__| '_ \ / _` | '__| __| 
[08:09:16] [Server thread/INFO]: [AuctionHouse]  | |__| |  __/ |  | | | | (_| | |  | |_  
[08:09:16] [Server thread/INFO]: [AuctionHouse]   \_____|\___|_|  |_| |_|\__,_|_|   \__| 
[08:09:16] [Server thread/INFO]: [AuctionHouse]   / ____| |           | (_)              
[08:09:16] [Server thread/INFO]: [AuctionHouse]  | (___ | |_ _   _  __| |_  ___  ___     
[08:09:16] [Server thread/INFO]: [AuctionHouse]   \___ \| __| | | |/ _` | |/ _ \/ __|    
[08:09:16] [Server thread/INFO]: [AuctionHouse]   ____) | |_| |_| | (_| | | (_) \__ \    
[08:09:16] [Server thread/INFO]: [AuctionHouse]  |_____/ \__|\__,_|\__,_|_|\___/|___/    
[08:09:16] [Server thread/INFO]: [AuctionHouse]  
[08:09:16] [Server thread/INFO]: [AuctionHouse]                                    
[08:09:16] [Server thread/INFO]: [AuctionHouse] License: U7KL-M1HT-5ITX
[08:09:16] [Server thread/INFO]: [AuctionHouse] Status: Valid   
[08:09:16] [Server thread/INFO]: [AuctionHouse]                                    
[08:09:16] [Server thread/INFO]: [AuctionHouse] 
[08:09:16] [Server thread/INFO]: [AuctionHouse] 
[08:09:16] [Server thread/WARN]: [org.bukkit.craftbukkit.legacy.CraftLegacy] Initializing Legacy Material Support. Unless you have legacy plugins and/or data this is a bug!
[08:09:25] [Server thread/INFO]: [Multiverse-Inventories] Enabling Multiverse-Inventories v5.2.2
[08:09:26] [Server thread/INFO]: [PlaceholderAPI] Successfully registered internal expansion: multiverse-inventories [5.2.2]
[08:09:26] [Server thread/INFO]: [Multiverse-Inventories] Loading player names map...
[08:09:26] [Server thread/INFO]: [Multiverse-Inventories] Version 5.2.2 (API v5.2) Enabled - By dumptruckman and benwoo1110
[08:09:26] [Server thread/INFO]: [SmartSpawner] Enabling SmartSpawner v1.5.7.1
[08:09:26] [Server thread/INFO]: [SmartSpawner] Server supports DataComponent API (Paper 1.21.5+)
[08:09:26] [Server thread/INFO]: [SmartSpawner] WorldGuard integration enabled successfully!
[08:09:26] [Server thread/INFO]: [SmartSpawner] Running on standard Paper server.
[08:09:26] [Server thread/INFO]: [SmartSpawner] Successfully connected to Vault & Economy provider: EssentialsX Economy
[08:09:26] [Server thread/INFO]: [SmartSpawner] No compatible shop plugins found. Shop integration is disabled.
[08:09:26] [Server thread/WARN]: [SmartSpawner] Entity type 'COPPER_GOLEM' is invalid or not available in server version 1.21.5-R0.1-SNAPSHOT
[08:09:26] [Server thread/WARN]: [SmartSpawner] Entity type 'HAPPY_GHAST' is invalid or not available in server version 1.21.5-R0.1-SNAPSHOT
[08:09:26] [Server thread/INFO]: [SmartSpawner] Loaded 7 item spawner configurations
[08:09:26] [Server thread/INFO]: [SmartSpawner] Loaded storage GUI layout: default
[08:09:26] [Server thread/INFO]: [SmartSpawner] Loaded main GUI layout: default
[08:09:26] [Server thread/INFO]: [SmartSpawner] Initial spawner load complete. Loaded: 0, Pending (missing worlds): 0
[08:09:26] [Server thread/INFO]: [SmartSpawner] SmartSpawner has been enabled! (Loaded in 195ms)
[08:09:26] [Server thread/INFO]: [Multiverse-Portals] Enabling Multiverse-Portals v5.1.1
[08:09:26] [Server thread/INFO]: [Multiverse-Portals] 0 - Portals(s) loaded
[08:09:26] [Server thread/INFO]: [Multiverse-Portals] Found WorldEdit. Using it for selections.
[08:09:26] [Server thread/INFO]: [Multiverse-Portals 5.1.1]  Enabled - By Rigby, fernferret and benwoo1110
[08:09:26] [Server thread/INFO]: [EssentialsSpawn] Enabling EssentialsSpawn v2.21.1
[08:09:26] [Server thread/INFO]: [EssentialsSpawn] Starting Metrics. Opt-out using the global bStats config.
[08:09:26] [Server thread/INFO]: [PhoenixCratesLite] Enabling PhoenixCratesLite v4.3.4
[08:09:26] [Server thread/INFO]: Loading cross version adapter...
[08:09:26] [Server thread/INFO]:   ____    ____                               
[08:09:26] [Server thread/INFO]:  |  _ \  / ___|                              
[08:09:26] [Server thread/INFO]:  | |_) || |       Phoenix Crates Lite v4.3.4      
[08:09:26] [Server thread/INFO]:  |  __/ | |___    https://phoenixplugins.com/
[08:09:26] [Server thread/INFO]:  |_|     \____|                             
[08:09:26] [Server thread/INFO]:                                                  
[08:09:26] [Server thread/INFO]: Loading settings...
[08:09:26] [Server thread/INFO]: Loading file "config.yml".
[08:09:26] [Server thread/INFO]: File "config.yml" is up to date. Importing configurations.
[08:09:26] [Server thread/INFO]: Vault founded. Preparing hook...
[08:09:26] [Server thread/INFO]: Checking for internal patchs...
[08:09:26] [Server thread/INFO]: [PhoenixCratesLite] Current patch: #202509111232
[08:09:26] [Server thread/INFO]: [PhoenixCratesLite] No patches to run.
[08:09:26] [Server thread/INFO]: Placeholder API founded. Preparing placeholders...
[08:09:26] [Server thread/INFO]: [PlaceholderAPI] Successfully registered internal expansion: phoenixcrates [1.0.0]
[08:09:26] [Server thread/INFO]: Model Engine is not installed. If you want to support custom models in this plugin install it.
[08:09:26] [Server thread/INFO]: -> (Meg 3) See more at: https://www.spigotmc.org/resources/conxeptworks-legacy-model-engine-1-16-5-1-20.79477/
[08:09:26] [Server thread/INFO]: -> (Meg 4) See more at: https://mythiccraft.io/index.php?resources/20-off-model-engine%E2%80%94ultimate-entity-model-manager-1-19-4-1-20-1.1213/
[08:09:26] [Server thread/INFO]: Loading components...
[08:09:26] [Server thread/INFO]: Loading database...
[08:09:26] [Server thread/WARN]: 5 [Server thread] INFO com.phoenixplugins.phoenixcrates.lib.hikari.HikariDataSource - CyberSQLitePool - Starting...
[08:09:26] [Server thread/WARN]: 22 [Server thread] INFO com.phoenixplugins.phoenixcrates.lib.hikari.HikariDataSource - CyberSQLitePool - Start completed.
[08:09:26] [Server thread/INFO]: Loading menus...
[08:09:26] [Server thread/INFO]: Loading file "menus/default_rewards_preview.yml".
[08:09:26] [Server thread/INFO]: File "menus/default_rewards_preview.yml" is up to date. Importing configurations.
[08:09:26] [Server thread/INFO]: Loading file "menus/default_select_reward.yml".
[08:09:26] [Server thread/INFO]: File "menus/default_select_reward.yml" is up to date. Importing configurations.
[08:09:26] [Server thread/INFO]: Loading file "internal_storage.yml".
[08:09:26] [Server thread/INFO]: File "internal_storage.yml" is up to date. Importing configurations.
[08:09:26] [Server thread/INFO]: Loading players data...
[08:09:26] [Server thread/INFO]: Loading keys...
[08:09:26] [Server thread/INFO]: No resource with the name "key.yml" founded.
[08:09:26] [Server thread/INFO]: Loading file "keys/example2.yml".
[08:09:26] [Server thread/INFO]: File "keys/example2.yml" is up to date. Importing configurations.
[08:09:26] [Server thread/INFO]: No resource with the name "key.yml" founded.
[08:09:26] [Server thread/INFO]: Loading file "keys/example3.yml".
[08:09:26] [Server thread/INFO]: File "keys/example3.yml" is up to date. Importing configurations.
[08:09:26] [Server thread/INFO]: No resource with the name "key.yml" founded.
[08:09:26] [Server thread/INFO]: Loading file "keys/example1.yml".
[08:09:26] [Server thread/INFO]: File "keys/example1.yml" is up to date. Importing configurations.
[08:09:26] [Server thread/INFO]: Loaded 3 keys.
[08:09:26] [Server thread/INFO]: Loading crates...
[08:09:26] [Server thread/INFO]: Loading file "locations.yml".
[08:09:26] [Server thread/INFO]: File "locations.yml" is up to date. Importing configurations.
[08:09:26] [Server thread/INFO]: Loading file "crates/example2.yml".
[08:09:26] [Server thread/INFO]: File "crates/example2.yml" is up to date. Importing configurations.
[08:09:26] [Server thread/INFO]: Loading file "crates/example3.yml".
[08:09:26] [Server thread/INFO]: File "crates/example3.yml" is up to date. Importing configurations.
[08:09:26] [Server thread/INFO]: Loading file "crates/example1.yml".
[08:09:26] [Server thread/INFO]: File "crates/example1.yml" is up to date. Importing configurations.
[08:09:26] [Server thread/INFO]: Loaded 3 types.
[08:09:26] [Server thread/INFO]: Loaded 0 crates.
[08:09:26] [Server thread/INFO]: Loading commands...
[08:09:26] [Server thread/INFO]: 
[08:09:26] [Server thread/INFO]: Plugin loaded successfully!
[08:09:26] [Server thread/INFO]: [Any questions or problems that may arise, contact us through
[08:09:26] [Server thread/INFO]: the website or our discord: https://phoenixplugins.com/discord]
[08:09:26] [Server thread/INFO]: 
[08:09:26] [Server thread/INFO]: [BetterRTP] Enabling BetterRTP v3.4.2-1
[08:09:26] [Server thread/ERROR]: [BetterRTP] The particle 'EXPLOSION_NORMAL' created a fatal error when loading particles! Your MC version isn't supported!
[08:09:27] [Server thread/INFO]: [DonutBaltop] Enabling DonutBaltop v4
[08:09:27] [Server thread/INFO]: [DonutBaltop] 
[08:09:27] [Server thread/INFO]: [DonutBaltop] 
[08:09:27] [Server thread/INFO]: [DonutBaltop]    _____           _                _    
[08:09:27] [Server thread/INFO]: [DonutBaltop]   / ____|         | |              | |   
[08:09:27] [Server thread/INFO]: [DonutBaltop]  | |  __  ___ _ __| |__   __ _ _ __| |_  
[08:09:27] [Server thread/INFO]: [DonutBaltop]  | | |_ |/ _ \ '__| '_ \ / _` | '__| __| 
[08:09:27] [Server thread/INFO]: [DonutBaltop]  | |__| |  __/ |  | | | | (_| | |  | |_  
[08:09:27] [Server thread/INFO]: [DonutBaltop]   \_____|\___|_|  |_| |_|\__,_|_|   \__| 
[08:09:27] [Server thread/INFO]: [DonutBaltop]   / ____| |           | (_)              
[08:09:27] [Server thread/INFO]: [DonutBaltop]  | (___ | |_ _   _  __| |_  ___  ___     
[08:09:27] [Server thread/INFO]: [DonutBaltop]   \___ \| __| | | |/ _` | |/ _ \/ __|    
[08:09:27] [Server thread/INFO]: [DonutBaltop]   ____) | |_| |_| | (_| | | (_) \__ \    
[08:09:27] [Server thread/INFO]: [DonutBaltop]  |_____/ \__|\__,_|\__,_|_|\___/|___/    
[08:09:27] [Server thread/INFO]: [DonutBaltop]  
[08:09:27] [Server thread/INFO]: [DonutBaltop]                                    
[08:09:27] [Server thread/INFO]: [DonutBaltop] License: M3VU-9EMG-CH3Z
[08:09:27] [Server thread/INFO]: [DonutBaltop] Status: Valid   
[08:09:27] [Server thread/INFO]: [DonutBaltop]                                    
[08:09:27] [Server thread/INFO]: [DonutBaltop] 
[08:09:27] [Server thread/INFO]: [DonutBaltop] 
[08:09:27] [Server thread/INFO]: [PlaceholderAPI] Successfully registered internal expansion: zbaltop [4]
[08:09:27] [Server thread/INFO]: [playit-gg] Enabling playit-gg v0.1.4
[08:09:27] [Thread-19/INFO]: [gg.playit.minecraft.PlayitKeysSetup] secret key found, checking
[08:09:27] [Thread-19/INFO]: [gg.playit.minecraft.PlayitKeysSetup] check secret
[08:09:27] [Server thread/INFO]: [TAB] Enabling TAB v5.4.0
[08:09:27] [Server thread/INFO]: [TAB] Enabled in 208ms
[08:09:27] [Server thread/INFO]: [DonutHome] Enabling DonutHome v4
[08:09:28] [Server thread/INFO]: [DonutHome] 
[08:09:28] [Server thread/INFO]: [DonutHome] 
[08:09:28] [Server thread/INFO]: [DonutHome]    _____           _                _    
[08:09:28] [Server thread/INFO]: [DonutHome]   / ____|         | |              | |   
[08:09:28] [Server thread/INFO]: [DonutHome]  | |  __  ___ _ __| |__   __ _ _ __| |_  
[08:09:28] [Server thread/INFO]: [DonutHome]  | | |_ |/ _ \ '__| '_ \ / _` | '__| __| 
[08:09:28] [Server thread/INFO]: [DonutHome]  | |__| |  __/ |  | | | | (_| | |  | |_  
[08:09:28] [Server thread/INFO]: [DonutHome]   \_____|\___|_|  |_| |_|\__,_|_|   \__| 
[08:09:28] [Server thread/INFO]: [DonutHome]   / ____| |           | (_)              
[08:09:28] [Server thread/INFO]: [DonutHome]  | (___ | |_ _   _  __| |_  ___  ___     
[08:09:28] [Server thread/INFO]: [DonutHome]   \___ \| __| | | |/ _` | |/ _ \/ __|    
[08:09:28] [Server thread/INFO]: [DonutHome]   ____) | |_| |_| | (_| | | (_) \__ \    
[08:09:28] [Server thread/INFO]: [DonutHome]  |_____/ \__|\__,_|\__,_|_|\___/|___/    
[08:09:28] [Server thread/INFO]: [DonutHome]  
[08:09:28] [Server thread/INFO]: [DonutHome]                                    
[08:09:28] [Server thread/INFO]: [DonutHome] License: 1LJX-UDT3-41I4
[08:09:28] [Server thread/INFO]: [DonutHome] Status: Valid   
[08:09:28] [Server thread/INFO]: [DonutHome]                                    
[08:09:28] [Server thread/INFO]: [DonutHome] 
[08:09:28] [Server thread/INFO]: [DonutHome] 
[08:09:28] [Server thread/INFO]: [EssentialsChat] Enabling EssentialsChat v2.21.1
[08:09:28] [Server thread/INFO]: [EssentialsChat] Starting Metrics. Opt-out using the global bStats config.
[08:09:28] [Server thread/INFO]: [BetterTeams] Enabling BetterTeams v4.15.2
[08:09:28] [Server thread/INFO]: [BetterTeams] MessageSender declared: com.booksaw.betterTeams.message.AdventureMessageSender@18bb8e7f
[08:09:28] [Server thread/INFO]: [BetterTeams] [BetterTeams] Checking if the file messages.yml is up to date
[08:09:28] [Server thread/INFO]: [BetterTeams] [BetterTeams] File is up to date
[08:09:28] [Server thread/INFO]: [PlaceholderAPI] Successfully registered internal expansion: betterTeams [4.15.2]
[08:09:28] [Server thread/INFO]: [BetterTeams] Display team name config value: prefix
[08:09:28] [Server thread/INFO]: [BetterTeams] Loading below name. Type: PREFIX
[08:09:28] [Server thread/INFO]: [BetterTeams] teamManagement declared: com.booksaw.betterTeams.events.MCTeamManagement@44ec23c0
[08:09:28] [Server thread/INFO]: [spark] Starting background profiler...
[08:09:29] [Server thread/INFO]: [PlaceholderAPI] Placeholder expansion registration initializing...
[08:09:29] [Server thread/INFO]: 0 placeholder hook(s) registered!
[08:09:29] [Server thread/INFO]: Done preparing level "world" (18.555s)
[08:09:29] [Server thread/INFO]: Running delayed init tasks
[08:09:29] [Server thread/INFO]: [Essentials] Essentials found a compatible payment resolution method: Vault Compatibility Layer (v1.7.3-b131)!
[08:09:29] [Craft Scheduler Thread - 5 - ViaVersion/INFO]: [ViaVersion] Finished mapping loading, shutting down loader executor.
[08:09:29] [Craft Scheduler Thread - 6 - Essentials/INFO]: [Essentials] Fetching version information...
[08:09:29] [Craft Scheduler Thread - 8 - SmartSpawner/INFO]: Environment: Environment[sessionHost=https://sessionserver.mojang.com, servicesHost=https://api.minecraftservices.com, name=PROD]
[08:09:29] [Craft Scheduler Thread - 11 - Vault/INFO]: [Vault] Checking for Updates ... 
[08:09:29] [Server thread/INFO]: Done (48.984s)! For help, type "help"
[08:09:29] [Craft Scheduler Thread - 11 - Vault/INFO]: [Vault] No new version available
[08:09:29] [Thread-19/INFO]: [gg.playit.minecraft.PlayitKeysSetup] found minecraft java tunnel: hospital-montgomery.gl.joinmc.link
[08:09:29] [Thread-19/INFO]: [gg.playit.minecraft.PlayitManager] keys and tunnel setup
[08:09:29] [Thread-19/INFO]: playit.gg: tunnel setup
[08:09:29] [Thread-19/INFO]: playit.gg: hospital-montgomery.gl.joinmc.link
[08:09:29] [Craft Scheduler Thread - 6 - Essentials/WARN]: [Essentials] There is a new EssentialsX version available for download: 2.21.2.
[08:09:29] [Craft Scheduler Thread - 6 - Essentials/WARN]: [Essentials] Download it here: https://essentialsx.net/downloads.html?branch=stable
[08:09:29] [Thread-19/WARN]: [gg.playit.control.ChannelSetup] Got IO error working with :control.playit.gg/2602:fbaf:850:17:0:0:0:1, error : java.net.SocketException: Network is unreachable
[08:09:29] [Craft Scheduler Thread - 5 - DonutBaltop/WARN]: Failed to load player data for 
[08:09:29] [Craft Scheduler Thread - 5 - DonutBaltop/WARN]: Failed to load player data for 
[08:09:29] [Craft Scheduler Thread - 5 - DonutBaltop/WARN]: Failed to load player data for 
[08:09:29] [Craft Scheduler Thread - 5 - DonutBaltop/WARN]: Failed to load player data for 
[08:09:29] [Craft Scheduler Thread - 5 - DonutBaltop/WARN]: Failed to load player data for 
[08:09:30] [Thread-19/INFO]: [gg.playit.control.ChannelSetup] request queued, waiting 1 second before resend
[08:09:33] [Craft Scheduler Thread - 5 - DonutBaltop/INFO]: [Essentials] Created a User for null (067632f8-fd23-4226-9406-fac366a62480) for non Bukkit type: com.earth2me.essentials.OfflinePlayerStub
[08:10:28] [Thread-19/INFO]: [gg.playit.minecraft.PlayitManager] got new client: NewClient{connectAddr=147.185.221.24:25019, peerAddr=112.79.28.205:11214, claimAddress=69.9.191.2:42760, claimToken=[44, 0, 119, -109, -71, -35, 24, 99, -35, 112, 79, 28, -51, 43, -50, 108, -48, 33, -52, -89, 8, 105, 62, 112, -14, 0, 0, 0, 0, 0, 27, -115, 11, 0, 0, 0, 0, 0, 82, 77, -114, 0, 0, 0, 0, 0, 43, 25, -37, -42, -93, -89, 8, 1, 4, -109, -71, -35, 24, 97, -69, 0, 0, 0, 28, 0, 0, 0, 0, 0, 0, 0, 1, 0, 0, 0, 42, 41, 0, -126, 6, 34, 104, 111, 115, 112, 105, 116, 97, 108, 45, 109, 111, 110, 116, 103, 111, 109, 101, 114, 121, 46, 103, 108, 46, 106, 111, 105, 110, 109, 99, 46, 108, 105, 110, 107, 99, -35, 1, 50, 20, -25, 109, -13, -14, -69, 75, 32, -13, -47, 9, 26, -94, -17, 58], tunnelServerId=1, dataCenterId=28}
[08:10:28] [Thread-19/INFO]: [gg.playit.minecraft.PlayitManager] starting tcp tunnel for client
[08:10:28] [Thread-19/INFO]: [gg.playit.minecraft.PlayitTcpTunnel] start connection to /69.9.191.2:42760 to claim client
[08:10:29] [nioEventLoopGroup-2-1/INFO]: [gg.playit.minecraft.PlayitTcpTunnel] connected to tunnel server, sending claim token
[08:10:29] [nioEventLoopGroup-2-1/INFO]: [gg.playit.minecraft.PlayitTcpTunnel] claim token sent
[08:10:29] [nioEventLoopGroup-2-1/INFO]: [gg.playit.minecraft.PlayitTcpTunnel] connection to tunnel server has been established
[08:10:29] [nioEventLoopGroup-2-1/INFO]: [gg.playit.minecraft.PlayitTcpTunnel] Reflect: ReflectionHelper{ServerConnection=class net.minecraft.server.network.ServerConnectionListener, LegacyPingHandler=class net.minecraft.server.network.LegacyQueryHandler, MinecraftServer=class net.minecraft.server.MinecraftServer, PacketSplitter=class net.minecraft.network.Varint21FrameDecoder, PacketDecoder=class net.minecraft.network.PacketDecoder, EnumProtocolDirection=class net.minecraft.network.protocol.PacketFlow, PacketPrepender=class net.minecraft.network.Varint21LengthFieldPrepender, PacketEncoder=class net.minecraft.network.PacketEncoder, NetworkManagerServer=class net.minecraft.network.RateKickingConnection, NetworkManager=class net.minecraft.network.Connection, HandshakeListener=class net.minecraft.server.network.ServerHandshakePacketListenerImpl, PacketListener=interface net.minecraft.network.PacketListener, CraftServer=class org.bukkit.craftbukkit.CraftServer}
[08:10:29] [nioEventLoopGroup-2-1/INFO]: [gg.playit.minecraft.PlayitTcpTunnel] legacyPingHandler is null
[08:10:29] [nioEventLoopGroup-2-1/INFO]: [gg.playit.minecraft.PlayitTcpTunnel] connecting to minecraft server at localhost/127.0.0.1:25565
[08:10:29] [nioEventLoopGroup-2-2/INFO]: [gg.playit.minecraft.PlayitTcpTunnel] connected to local minecraft server
[08:10:49] [Thread-19/INFO]: [gg.playit.minecraft.PlayitManager] got new client: NewClient{connectAddr=147.185.221.24:25019, peerAddr=112.79.28.205:11249, claimAddress=69.9.191.2:42760, claimToken=[44, 0, 111, -109, -71, -35, 24, 97, -69, 112, 79, 28, -51, 43, -15, -91, 57, 56, -118, -89, 8, 105, 62, 113, 9, 0, 0, 0, 0, 0, 27, -115, 11, 0, 0, 0, 0, 0, 82, 77, -114, 0, 0, 0, 0, 0, 43, 25, -37, 53, 98, -89, 8, 0, 0, 0, 0, 28, 0, 0, 0, 0, 0, 0, 0, 1, 0, 0, 0, 41, 40, 0, -126, 6, 33, 104, 111, 115, 112, 105, 116, 97, 108, 45, 109, 111, 110, 116, 103, 111, 109, 101, 114, 121, 46, 103, 108, 46, 97, 116, 46, 112, 108, 121, 46, 103, 103, 46, 97, -69, 2, 62, 52, -71, -110, -127, 42, 69, -3, 93, -57, -27, 41, -76, -42, -101, 53], tunnelServerId=1, dataCenterId=28}
[08:10:49] [Thread-19/INFO]: [gg.playit.minecraft.PlayitManager] starting tcp tunnel for client
[08:10:49] [Thread-19/INFO]: [gg.playit.minecraft.PlayitTcpTunnel] start connection to /69.9.191.2:42760 to claim client
[08:10:49] [nioEventLoopGroup-2-3/INFO]: [gg.playit.minecraft.PlayitTcpTunnel] connected to tunnel server, sending claim token
[08:10:49] [nioEventLoopGroup-2-3/INFO]: [gg.playit.minecraft.PlayitTcpTunnel] claim token sent
[08:10:49] [nioEventLoopGroup-2-3/INFO]: [gg.playit.minecraft.PlayitTcpTunnel] connection to tunnel server has been established
[08:10:49] [nioEventLoopGroup-2-3/INFO]: [gg.playit.minecraft.PlayitTcpTunnel] Reflect: ReflectionHelper{ServerConnection=class net.minecraft.server.network.ServerConnectionListener, LegacyPingHandler=class net.minecraft.server.network.LegacyQueryHandler, MinecraftServer=class net.minecraft.server.MinecraftServer, PacketSplitter=class net.minecraft.network.Varint21FrameDecoder, PacketDecoder=class net.minecraft.network.PacketDecoder, EnumProtocolDirection=class net.minecraft.network.protocol.PacketFlow, PacketPrepender=class net.minecraft.network.Varint21LengthFieldPrepender, PacketEncoder=class net.minecraft.network.PacketEncoder, NetworkManagerServer=class net.minecraft.network.RateKickingConnection, NetworkManager=class net.minecraft.network.Connection, HandshakeListener=class net.minecraft.server.network.ServerHandshakePacketListenerImpl, PacketListener=interface net.minecraft.network.PacketListener, CraftServer=class org.bukkit.craftbukkit.CraftServer}
[08:10:49] [nioEventLoopGroup-2-3/INFO]: [gg.playit.minecraft.PlayitTcpTunnel] legacyPingHandler is null
[08:10:49] [nioEventLoopGroup-2-3/INFO]: [gg.playit.minecraft.PlayitTcpTunnel] connecting to minecraft server at localhost/127.0.0.1:25565
[08:10:49] [nioEventLoopGroup-2-4/INFO]: [gg.playit.minecraft.PlayitTcpTunnel] connected to local minecraft server
[08:10:50] [User Authenticator #0/INFO]: UUID of player OmHackz is 93a5bf97-e66a-3f0f-893a-c928d492afdb
[08:10:53] [Server thread/INFO]: + OmHackz Connected
[08:10:53] [Server thread/INFO]: OmHackz[/127.0.0.1:51118] logged in with entity id 1 at ([world]239.99658806611103, 259.0, -406.97570208825033)
[08:11:47] [Server thread/INFO]: OmHackz issued server command: /gamemode creative
[08:11:57] [Server thread/INFO]: OmHackz issued server command: /kill @e
[08:12:07] [Server thread/INFO]: OmHackz issued server command: /killall all
[08:12:11] [Server thread/INFO]: OmHackz issued server command: /killall all
[08:12:20] [Server thread/INFO]: OmHackz issued server command: /killall all
[08:12:28] [Server thread/INFO]: OmHackz issued server command: /time set day
[08:12:55] [Server thread/INFO]: OmHackz issued server command: /papi ecloud download Vault
[08:12:55] [placeholderapi-io-#1/INFO]: [PlaceholderAPI] Fetching available expansion information...
[08:13:03] [Server thread/INFO]: OmHackz issued server command: /papi ecloud download player
[08:13:03] [placeholderapi-io-#3/INFO]: [PlaceholderAPI] Fetching available expansion information...
[08:13:08] [Server thread/INFO]: OmHackz issued server command: /papi ecloud download server
[08:13:08] [placeholderapi-io-#2/INFO]: [PlaceholderAPI] Fetching available expansion information...
[08:13:18] [Server thread/INFO]: OmHackz issued server command: /papi ecloud download World
[08:13:19] [placeholderapi-io-#3/INFO]: [PlaceholderAPI] Fetching available expansion information...
[08:13:23] [Server thread/INFO]: OmHackz issued server command: /papi ecloud download Statistic
[08:13:23] [placeholderapi-io-#2/INFO]: [PlaceholderAPI] Fetching available expansion information...
[08:13:30] [Server thread/INFO]: OmHackz issued server command: /papi reload
[08:13:30] [Server thread/INFO]: [PlaceholderAPI] Placeholder expansion registration initializing...
[08:13:30] [Server thread/INFO]: [PlaceholderAPI] Fetching available expansion information...
[08:13:30] [Server thread/INFO]: [PlaceholderAPI] Successfully registered external expansion: vault [1.8.3]
[08:13:30] [Server thread/INFO]: [PlaceholderAPI] Successfully registered external expansion: server [2.7.3]
[08:13:30] [Server thread/INFO]: [PlaceholderAPI] Successfully registered external expansion: statistic [2.0.2]
[08:13:30] [Server thread/INFO]: [PlaceholderAPI] Successfully registered external expansion: player [2.0.9]
[08:13:30] [Server thread/INFO]: [PlaceholderAPI] Successfully registered external expansion: world [1.2.3]
[08:13:32] [Thread-19/INFO]: [gg.playit.control.ChannelSetup] send keep alive
[08:13:44] [Thread-19/INFO]: [gg.playit.control.ChannelSetup] send keep alive
[08:17:35] [Thread-19/INFO]: [gg.playit.control.ChannelSetup] send keep alive
[08:17:47] [Thread-19/INFO]: [gg.playit.control.ChannelSetup] send keep alive
[08:17:55] [Server thread/INFO]: OmHackz issued server command: /znpcs create 1 PLAYER &1&lDis&f&lcord
[08:18:15] [Server thread/INFO]: OmHackz issued server command: /znpcs toggle 1 look
[08:18:26] [Server thread/INFO]: OmHackz issued server command: /znpcs toggle 1 mirror
[08:18:37] [Server thread/INFO]: OmHackz issued server command: /znpcs skin 1 discord
[08:20:58] [Server thread/INFO]: OmHackz issued server command: /znpcs skin 1 https://i.ibb.co/d49N94JV/16f6a11422e202bb.png
[08:21:38] [Thread-19/INFO]: [gg.playit.control.ChannelSetup] send keep alive
[08:21:50] [Thread-19/INFO]: [gg.playit.control.ChannelSetup] send keep alive
[08:22:41] [Server thread/INFO]: OmHackz issued server command: /znpcs create 1 PLAYER &6&lWeb&c&lSite
[08:22:46] [Server thread/INFO]: OmHackz issued server command: /znpcs create 2 PLAYER &6&lWeb&c&lSite
[08:23:08] [Server thread/INFO]: OmHackz issued server command: /znpcs toggle 2 lookirror
[08:23:08] [Server thread/WARN]: io.github.gonalez.znpcs.commands.CommandExecuteException
[08:23:08] [Server thread/WARN]: 	at znpcs-5.2.jar//io.github.gonalez.znpcs.commands.CommandInvoker.execute(CommandInvoker.java:25)
[08:23:08] [Server thread/WARN]: 	at znpcs-5.2.jar//io.github.gonalez.znpcs.commands.Command.execute(Command.java:69)
[08:23:08] [Server thread/WARN]: 	at io.papermc.paper.command.brigadier.bukkit.BukkitCommandNode$BukkitBrigCommand.run(BukkitCommandNode.java:83)
[08:23:08] [Server thread/WARN]: 	at com.mojang.brigadier.context.ContextChain.runExecutable(ContextChain.java:73)
[08:23:08] [Server thread/WARN]: 	at net.minecraft.commands.execution.tasks.ExecuteCommand.execute(ExecuteCommand.java:30)
[08:23:08] [Server thread/WARN]: 	at net.minecraft.commands.execution.tasks.ExecuteCommand.execute(ExecuteCommand.java:13)
[08:23:08] [Server thread/WARN]: 	at net.minecraft.commands.execution.UnboundEntryAction.lambda$bind$0(UnboundEntryAction.java:8)
[08:23:08] [Server thread/WARN]: 	at net.minecraft.commands.execution.CommandQueueEntry.execute(CommandQueueEntry.java:5)
[08:23:08] [Server thread/WARN]: 	at net.minecraft.commands.execution.ExecutionContext.runCommandQueue(ExecutionContext.java:105)
[08:23:08] [Server thread/WARN]: 	at net.minecraft.commands.Commands.executeCommandInContext(Commands.java:449)
[08:23:08] [Server thread/WARN]: 	at net.minecraft.commands.Commands.performCommand(Commands.java:357)
[08:23:08] [Server thread/WARN]: 	at net.minecraft.commands.Commands.performCommand(Commands.java:347)
[08:23:08] [Server thread/WARN]: 	at net.minecraft.commands.Commands.performCommand(Commands.java:341)
[08:23:08] [Server thread/WARN]: 	at net.minecraft.server.network.ServerGamePacketListenerImpl.performUnsignedChatCommand(ServerGamePacketListenerImpl.java:2269)
[08:23:08] [Server thread/WARN]: 	at net.minecraft.server.network.ServerGamePacketListenerImpl.lambda$handleChatCommand$12(ServerGamePacketListenerImpl.java:2242)
[08:23:08] [Server thread/WARN]: 	at net.minecraft.server.TickTask.run(TickTask.java:18)
[08:23:08] [Server thread/WARN]: 	at net.minecraft.util.thread.BlockableEventLoop.doRunTask(BlockableEventLoop.java:155)
[08:23:08] [Server thread/WARN]: 	at net.minecraft.util.thread.ReentrantBlockableEventLoop.doRunTask(ReentrantBlockableEventLoop.java:24)
[08:23:08] [Server thread/WARN]: 	at net.minecraft.server.MinecraftServer.doRunTask(MinecraftServer.java:1446)
[08:23:08] [Server thread/WARN]: 	at net.minecraft.server.MinecraftServer.doRunTask(MinecraftServer.java:175)
[08:23:08] [Server thread/WARN]: 	at net.minecraft.util.thread.BlockableEventLoop.pollTask(BlockableEventLoop.java:129)
[08:23:08] [Server thread/WARN]: 	at net.minecraft.server.MinecraftServer.pollTaskInternal(MinecraftServer.java:1426)
[08:23:08] [Server thread/WARN]: 	at net.minecraft.server.MinecraftServer.pollTask(MinecraftServer.java:1420)
[08:23:08] [Server thread/WARN]: 	at net.minecraft.util.thread.BlockableEventLoop.managedBlock(BlockableEventLoop.java:139)
[08:23:08] [Server thread/WARN]: 	at net.minecraft.server.MinecraftServer.managedBlock(MinecraftServer.java:1377)
[08:23:08] [Server thread/WARN]: 	at net.minecraft.server.MinecraftServer.waitUntilNextTick(MinecraftServer.java:1385)
[08:23:08] [Server thread/WARN]: 	at net.minecraft.server.MinecraftServer.runServer(MinecraftServer.java:1262)
[08:23:08] [Server thread/WARN]: 	at net.minecraft.server.MinecraftServer.lambda$spin$2(MinecraftServer.java:308)
[08:23:08] [Server thread/WARN]: 	at java.base/java.lang.Thread.run(Thread.java:1474)
[08:23:08] [Server thread/WARN]: Caused by: java.lang.NullPointerException: Cannot invoke "io.github.gonalez.znpcs.npc.NPCFunction.getName()" because "npcFunction" is null
[08:23:08] [Server thread/WARN]: 	at znpcs-5.2.jar//io.github.gonalez.znpcs.commands.list.DefaultCommand.toggle(DefaultCommand.java:479)
[08:23:08] [Server thread/WARN]: 	at java.base/jdk.internal.reflect.DirectMethodHandleAccessor.invoke(DirectMethodHandleAccessor.java:104)
[08:23:08] [Server thread/WARN]: 	at java.base/java.lang.reflect.Method.invoke(Method.java:565)
[08:23:08] [Server thread/WARN]: 	at znpcs-5.2.jar//io.github.gonalez.znpcs.commands.CommandInvoker.execute(CommandInvoker.java:23)
[08:23:08] [Server thread/WARN]: 	... 28 more
[08:23:11] [Server thread/INFO]: OmHackz issued server command: /znpcs toggle 2 look
[08:23:19] [Server thread/INFO]: OmHackz issued server command: /znpcs skin 2 Tieco4076
[08:24:58] [Server thread/INFO]: OmHackz issued server command: /znpcs create 3 PLAYER &fᴏᴍʜᴀᴄᴋᴢ
[08:25:40] [Thread-19/INFO]: [gg.playit.control.ChannelSetup] send keep alive
[08:25:53] [Thread-19/INFO]: [gg.playit.control.ChannelSetup] send keep alive
[08:26:00] [Server thread/INFO]: OmHackz issued server command: /znpcs skin 3 Eli_agape
[08:26:08] [Server thread/INFO]: OmHackz issued server command: /znpcs toggle 3 look
[08:26:52] [Server thread/INFO]: OmHackz issued server command: /znpcs lines 3 add &c&lᴏᴡɴᴇʀ
[08:27:02] [Server thread/INFO]: OmHackz issued server command: /lp editor
[08:29:43] [Thread-19/INFO]: [gg.playit.control.ChannelSetup] send keep alive
[08:29:56] [Thread-19/INFO]: [gg.playit.control.ChannelSetup] send keep alive
[08:29:59] [Server thread/INFO]: OmHackz issued server command: /lp applyedits pHm1BTYALJ
[08:30:01] [luckperms-command-executor/INFO]: [LP] LOG > (OmHackz) [G] (default)
[08:30:01] [luckperms-command-executor/INFO]: [LP] LOG > webeditor add prefix.0.&b&lᴍᴇᴍʙᴇʀ true
[08:30:01] [luckperms-command-executor/INFO]: [LP] LOG > (OmHackz) [G] (owner)
[08:30:01] [luckperms-command-executor/INFO]: [LP] LOG > webeditor add prefix.0.&c&lᴏᴡɴᴇʀ true
[08:30:44] [Server thread/INFO]: OmHackz issued server command: /lp applyedits qDzz8p2GrN --force
[08:30:46] [luckperms-command-executor/INFO]: [LP] LOG > (OmHackz) [G] (default)
[08:30:46] [luckperms-command-executor/INFO]: [LP] LOG > webeditor add prefix.0.&b&lᴍᴇᴍʙᴇʀ &f true
[08:30:46] [luckperms-command-executor/INFO]: [LP] LOG > (OmHackz) [G] (default)
[08:30:46] [luckperms-command-executor/INFO]: [LP] LOG > webeditor remove prefix.0.&b&lᴍᴇᴍʙᴇʀ true
[08:30:57] [Async Chat Thread - #0/INFO]: [Not Secure] <ᴍᴇᴍʙᴇʀ OmHackz> yoo
[08:31:02] [Server thread/WARN]: OmHackz moved too quickly! 9.053563963448283,-0.52922321120775,5.500225552968914
[08:31:35] [Server thread/INFO]: OmHackz issued server command: /lp applyedits UJ36ST19zR --force
[08:31:36] [luckperms-command-executor/INFO]: [LP] LOG > (OmHackz) [U] (omhackz)
[08:31:36] [luckperms-command-executor/INFO]: [LP] LOG > webeditor add group.owner true
[08:31:36] [luckperms-command-executor/INFO]: [LP] LOG > (OmHackz) [U] (omhackz)
[08:31:36] [luckperms-command-executor/INFO]: [LP] LOG > webeditor remove group.default true
[08:31:36] [luckperms-command-executor/INFO]: [LP] LOG > (OmHackz) [G] (owner)
[08:31:36] [luckperms-command-executor/INFO]: [LP] LOG > webeditor add prefix.0.&c&lᴏᴡɴᴇʀ &f true
[08:31:36] [luckperms-command-executor/INFO]: [LP] LOG > (OmHackz) [G] (owner)
[08:31:36] [luckperms-command-executor/INFO]: [LP] LOG > webeditor remove prefix.0.&c&lᴏᴡɴᴇʀ true
[08:31:53] [Async Chat Thread - #0/INFO]: [Not Secure] <ᴏᴡɴᴇʀ OmHackz> Ho Ho Ho
[08:32:57] [Server thread/INFO]: OmHackz issued server command: /znpcs create 4 PLAYER &a&lʀᴛᴘ
[08:33:40] [Server thread/INFO]: OmHackz issued server command: /znpcs lines 4 add ᴛᴇʟᴇᴘᴏʀᴛ ɪɴ ᴛʜᴇ ᴡɪʟᴅ
[08:33:46] [Thread-19/INFO]: [gg.playit.control.ChannelSetup] send keep alive
[08:33:55] [Server thread/INFO]: OmHackz issued server command: /znpcs delete 4
[08:33:59] [Thread-19/INFO]: [gg.playit.control.ChannelSetup] send keep alive
[08:34:13] [Server thread/INFO]: OmHackz issued server command: /znpcs create 4 PLAYER &b&lᴛᴇʟᴇᴘᴏʀᴛ ɪɴ ᴛʜᴇ ᴡɪʟᴅ
[08:34:24] [Server thread/INFO]: OmHackz issued server command: /znpcs delete 4
[08:34:45] [Server thread/INFO]: OmHackz issued server command: /znpcs create 4 PLAYER &b&lᴛᴇʟᴇᴘᴏʀᴛ-ɪɴ-ᴛʜᴇ-ᴡɪʟᴅ
[08:35:02] [Server thread/INFO]: OmHackz issued server command: /znpcs create 4 PLAYER &b&lᴄʟɪᴄᴋ-ᴍᴇ
[08:35:40] [Server thread/INFO]: OmHackz issued server command: /znpcs lines 4 add &eᴛᴇʟᴇᴘᴏʀᴛ ɪɴ ᴛʜᴇ ᴡɪʟᴅ
[08:36:11] [Server thread/INFO]: OmHackz issued server command: /znpcs lines 4 add &a&fʀᴛᴘ
[08:36:32] [Server thread/INFO]: OmHackz issued server command: /znpcs delete 4
[08:36:43] [Server thread/INFO]: OmHackz issued server command: /znpcs create 4 PLAYER &e&lᴄʟɪᴄᴋ-ᴍᴇ
[08:37:00] [Server thread/INFO]: OmHackz issued server command: /znpcs lines 4 add &aᴛᴇʟᴇᴘᴏʀᴛ ɪɴ ᴛʜᴇ ᴡɪʟᴅ
[08:37:21] [Server thread/INFO]: OmHackz issued server command: /znpcs lines 4 remove
[08:37:21] [Server thread/WARN]: io.github.gonalez.znpcs.commands.CommandExecuteException
[08:37:21] [Server thread/WARN]: 	at znpcs-5.2.jar//io.github.gonalez.znpcs.commands.CommandInvoker.execute(CommandInvoker.java:25)
[08:37:21] [Server thread/WARN]: 	at znpcs-5.2.jar//io.github.gonalez.znpcs.commands.Command.execute(Command.java:69)
[08:37:21] [Server thread/WARN]: 	at io.papermc.paper.command.brigadier.bukkit.BukkitCommandNode$BukkitBrigCommand.run(BukkitCommandNode.java:83)
[08:37:21] [Server thread/WARN]: 	at com.mojang.brigadier.context.ContextChain.runExecutable(ContextChain.java:73)
[08:37:21] [Server thread/WARN]: 	at net.minecraft.commands.execution.tasks.ExecuteCommand.execute(ExecuteCommand.java:30)
[08:37:21] [Server thread/WARN]: 	at net.minecraft.commands.execution.tasks.ExecuteCommand.execute(ExecuteCommand.java:13)
[08:37:21] [Server thread/WARN]: 	at net.minecraft.commands.execution.UnboundEntryAction.lambda$bind$0(UnboundEntryAction.java:8)
[08:37:21] [Server thread/WARN]: 	at net.minecraft.commands.execution.CommandQueueEntry.execute(CommandQueueEntry.java:5)
[08:37:21] [Server thread/WARN]: 	at net.minecraft.commands.execution.ExecutionContext.runCommandQueue(ExecutionContext.java:105)
[08:37:21] [Server thread/WARN]: 	at net.minecraft.commands.Commands.executeCommandInContext(Commands.java:449)
[08:37:21] [Server thread/WARN]: 	at net.minecraft.commands.Commands.performCommand(Commands.java:357)
[08:37:21] [Server thread/WARN]: 	at net.minecraft.commands.Commands.performCommand(Commands.java:347)
[08:37:21] [Server thread/WARN]: 	at net.minecraft.commands.Commands.performCommand(Commands.java:341)
[08:37:21] [Server thread/WARN]: 	at net.minecraft.server.network.ServerGamePacketListenerImpl.performUnsignedChatCommand(ServerGamePacketListenerImpl.java:2269)
[08:37:21] [Server thread/WARN]: 	at net.minecraft.server.network.ServerGamePacketListenerImpl.lambda$handleChatCommand$12(ServerGamePacketListenerImpl.java:2242)
[08:37:21] [Server thread/WARN]: 	at net.minecraft.server.TickTask.run(TickTask.java:18)
[08:37:21] [Server thread/WARN]: 	at net.minecraft.util.thread.BlockableEventLoop.doRunTask(BlockableEventLoop.java:155)
[08:37:21] [Server thread/WARN]: 	at net.minecraft.util.thread.ReentrantBlockableEventLoop.doRunTask(ReentrantBlockableEventLoop.java:24)
[08:37:21] [Server thread/WARN]: 	at net.minecraft.server.MinecraftServer.doRunTask(MinecraftServer.java:1446)
[08:37:21] [Server thread/WARN]: 	at net.minecraft.server.MinecraftServer.doRunTask(MinecraftServer.java:175)
[08:37:21] [Server thread/WARN]: 	at net.minecraft.util.thread.BlockableEventLoop.pollTask(BlockableEventLoop.java:129)
[08:37:21] [Server thread/WARN]: 	at net.minecraft.server.MinecraftServer.pollTaskInternal(MinecraftServer.java:1426)
[08:37:21] [Server thread/WARN]: 	at net.minecraft.server.MinecraftServer.pollTask(MinecraftServer.java:1420)
[08:37:21] [Server thread/WARN]: 	at net.minecraft.util.thread.BlockableEventLoop.managedBlock(BlockableEventLoop.java:139)
[08:37:21] [Server thread/WARN]: 	at net.minecraft.server.MinecraftServer.managedBlock(MinecraftServer.java:1377)
[08:37:21] [Server thread/WARN]: 	at net.minecraft.server.MinecraftServer.waitUntilNextTick(MinecraftServer.java:1385)
[08:37:21] [Server thread/WARN]: 	at net.minecraft.server.MinecraftServer.runServer(MinecraftServer.java:1262)
[08:37:21] [Server thread/WARN]: 	at net.minecraft.server.MinecraftServer.lambda$spin$2(MinecraftServer.java:308)
[08:37:21] [Server thread/WARN]: 	at java.base/java.lang.Thread.run(Thread.java:1474)
[08:37:21] [Server thread/WARN]: Caused by: java.lang.ArrayIndexOutOfBoundsException: Index 2 out of bounds for length 2
[08:37:21] [Server thread/WARN]: 	at com.google.common.collect.RegularImmutableList.get(RegularImmutableList.java:79)
[08:37:21] [Server thread/WARN]: 	at znpcs-5.2.jar//io.github.gonalez.znpcs.commands.list.DefaultCommand.changeLines(DefaultCommand.java:325)
[08:37:21] [Server thread/WARN]: 	at java.base/jdk.internal.reflect.DirectMethodHandleAccessor.invoke(DirectMethodHandleAccessor.java:104)
[08:37:21] [Server thread/WARN]: 	at java.base/java.lang.reflect.Method.invoke(Method.java:565)
[08:37:21] [Server thread/WARN]: 	at znpcs-5.2.jar//io.github.gonalez.znpcs.commands.CommandInvoker.execute(CommandInvoker.java:23)
[08:37:21] [Server thread/WARN]: 	... 28 more
[08:37:32] [Server thread/INFO]: OmHackz issued server command: /znpcs lines 4
[08:37:36] [Server thread/INFO]: OmHackz issued server command: /znpcs delete 4
[08:37:44] [Server thread/INFO]: OmHackz issued server command: /znpcs create 4 PLAYER &e&lᴄʟɪᴄᴋ-ᴍᴇ
[08:37:49] [Thread-19/INFO]: [gg.playit.control.ChannelSetup] send keep alive
[08:37:58] [Server thread/INFO]: OmHackz issued server command: /znpcs lines 4 add &bᴛᴇʟᴇᴘᴏʀᴛ ɪɴ ᴛʜᴇ ᴡɪʟᴅ
[08:38:01] [Thread-19/INFO]: [gg.playit.control.ChannelSetup] send keep alive
[08:38:22] [Server thread/INFO]: OmHackz issued server command: /znpcs lines 4 add &a&lʀᴛᴘ
[08:39:22] [Server thread/INFO]: OmHackz issued server command: /znpcs skin 4 FarmerLucas21
[08:39:29] [Craft Scheduler Thread - 120 - DonutBaltop/WARN]: Failed to load player data for 
[08:39:34] [Server thread/INFO]: OmHackz issued server command: /znpcs toggle 4 look
[08:40:11] [Server thread/INFO]: OmHackz issued server command: /mv create survival normal
[08:40:19] [Server thread/INFO]: Preparing start region for dimension minecraft:survival
[08:40:19] [Server thread/INFO]: Preparing spawn area: 0%
[08:40:20] [Server thread/INFO]: Preparing spawn area: 2%
[08:40:20] [Server thread/INFO]: Preparing spawn area: 2%
[08:40:21] [Server thread/INFO]: Preparing spawn area: 18%
[08:40:21] [Paper Watchdog Thread/ERROR]: --- DO NOT REPORT THIS TO PAPER - THIS IS NOT A BUG OR A CRASH  - 1.21.5-114-a1b3058 (MC: 1.21.5) ---
[08:40:21] [Paper Watchdog Thread/ERROR]: The server has not responded for 10 seconds! Creating thread dump
[08:40:21] [Paper Watchdog Thread/ERROR]: ------------------------------
[08:40:21] [Paper Watchdog Thread/ERROR]: Server thread dump (Look for plugins here before reporting to Paper!):
[08:40:21] [Paper Watchdog Thread/ERROR]: ------------------------------
[08:40:21] [Paper Watchdog Thread/ERROR]: Current Thread: Server thread
[08:40:21] [Paper Watchdog Thread/ERROR]: 	PID: 58 | Suspended: false | Native: false | State: TIMED_WAITING
[08:40:21] [Paper Watchdog Thread/ERROR]: 	Stack:
[08:40:21] [Paper Watchdog Thread/ERROR]: 		java.base@25.0.1/jdk.internal.misc.Unsafe.park(Native Method)
[08:40:21] [Paper Watchdog Thread/ERROR]: 		java.base@25.0.1/java.util.concurrent.locks.LockSupport.parkNanos(LockSupport.java:271)
[08:40:21] [Paper Watchdog Thread/ERROR]: 		net.minecraft.server.MinecraftServer.executeModerately(MinecraftServer.java:1358)
[08:40:21] [Paper Watchdog Thread/ERROR]: 		net.minecraft.server.MinecraftServer.prepareLevels(MinecraftServer.java:873)
[08:40:21] [Paper Watchdog Thread/ERROR]: 		org.bukkit.craftbukkit.CraftServer.createWorld(CraftServer.java:1440)
[08:40:21] [Paper Watchdog Thread/ERROR]: 		org.bukkit.Bukkit.createWorld(Bukkit.java:841)
[08:40:21] [Paper Watchdog Thread/ERROR]: 		org.bukkit.WorldCreator.createWorld(WorldCreator.java:526)
[08:40:21] [Paper Watchdog Thread/ERROR]: 		multiverse-core-5.3.4.jar//org.mvplugins.multiverse.core.world.WorldManager.lambda$createBukkitWorld$9f2048fa$1(WorldManager.java:895)
[08:40:21] [Paper Watchdog Thread/ERROR]: 		multiverse-core-5.3.4.jar//org.mvplugins.multiverse.core.world.WorldManager$$Lambda/0x00000000784b5290.apply(Unknown Source)
[08:40:21] [Paper Watchdog Thread/ERROR]: 		multiverse-core-5.3.4.jar//org.mvplugins.multiverse.external.vavr.control.Try.of(Try.java:74)
[08:40:21] [Paper Watchdog Thread/ERROR]: 		multiverse-core-5.3.4.jar//org.mvplugins.multiverse.core.world.WorldManager.createBukkitWorld(WorldManager.java:893)
[08:40:21] [Paper Watchdog Thread/ERROR]: 		multiverse-core-5.3.4.jar//org.mvplugins.multiverse.core.world.WorldManager$$Lambda/0x00000000784b5040.apply(Unknown Source)
[08:40:21] [Paper Watchdog Thread/ERROR]: 		multiverse-core-5.3.4.jar//org.mvplugins.multiverse.core.utils.result.Attempt.mapAttempt(Attempt.java:212)
[08:40:21] [Paper Watchdog Thread/ERROR]: 		multiverse-core-5.3.4.jar//org.mvplugins.multiverse.core.world.WorldManager.doCreateWorld(WorldManager.java:273)
[08:40:21] [Paper Watchdog Thread/ERROR]: 		multiverse-core-5.3.4.jar//org.mvplugins.multiverse.core.world.WorldManager$$Lambda/0x00000000784b4448.apply(Unknown Source)
[08:40:21] [Paper Watchdog Thread/ERROR]: 		multiverse-core-5.3.4.jar//org.mvplugins.multiverse.core.utils.result.Attempt.mapAttempt(Attempt.java:212)
[08:40:21] [Paper Watchdog Thread/ERROR]: 		multiverse-core-5.3.4.jar//org.mvplugins.multiverse.core.world.WorldManager.createWorld(WorldManager.java:244)
[08:40:21] [Paper Watchdog Thread/ERROR]: 		multiverse-core-5.3.4.jar//org.mvplugins.multiverse.core.commands.CreateCommand.onCreateCommand(CreateCommand.java:80)
[08:40:21] [Paper Watchdog Thread/ERROR]: 		java.base@25.0.1/java.lang.invoke.LambdaForm$DMH/0x00000000784b0000.invokeVirtual(LambdaForm$DMH)
[08:40:21] [Paper Watchdog Thread/ERROR]: 		java.base@25.0.1/java.lang.invoke.LambdaForm$MH/0x00000000784b1c00.invoke(LambdaForm$MH)
[08:40:21] [Paper Watchdog Thread/ERROR]: 		java.base@25.0.1/java.lang.invoke.Invokers$Holder.invokeExact_MT(Invokers$Holder)
[08:40:21] [Paper Watchdog Thread/ERROR]: 		java.base@25.0.1/jdk.internal.reflect.DirectMethodHandleAccessor.invokeImpl(DirectMethodHandleAccessor.java:158)
[08:40:21] [Paper Watchdog Thread/ERROR]: 		java.base@25.0.1/jdk.internal.reflect.DirectMethodHandleAccessor.invoke(DirectMethodHandleAccessor.java:104)
[08:40:21] [Paper Watchdog Thread/ERROR]: 		java.base@25.0.1/java.lang.reflect.Method.invoke(Method.java:565)
[08:40:21] [Paper Watchdog Thread/ERROR]: 		multiverse-core-5.3.4.jar//org.mvplugins.multiverse.external.acf.commands.RegisteredCommand.invoke(RegisteredCommand.java:152)
[08:40:21] [Paper Watchdog Thread/ERROR]: 		multiverse-core-5.3.4.jar//org.mvplugins.multiverse.external.acf.commands.BaseCommand.executeCommand(BaseCommand.java:582)
[08:40:21] [Paper Watchdog Thread/ERROR]: 		multiverse-core-5.3.4.jar//org.mvplugins.multiverse.external.acf.commands.BaseCommand.execute(BaseCommand.java:517)
[08:40:21] [Paper Watchdog Thread/ERROR]: 		multiverse-core-5.3.4.jar//org.mvplugins.multiverse.external.acf.commands.RootCommand.execute(RootCommand.java:99)
[08:40:21] [Paper Watchdog Thread/ERROR]: 		multiverse-core-5.3.4.jar//org.mvplugins.multiverse.core.command.MVRootCommand.execute(MVRootCommand.java:19)
[08:40:21] [Paper Watchdog Thread/ERROR]: 		multiverse-core-5.3.4.jar//org.mvplugins.multiverse.external.acf.commands.BukkitRootCommand.execute(BukkitRootCommand.java:84)
[08:40:21] [Paper Watchdog Thread/ERROR]: 		io.papermc.paper.command.brigadier.bukkit.BukkitCommandNode$BukkitBrigCommand.run(BukkitCommandNode.java:83)
[08:40:21] [Paper Watchdog Thread/ERROR]: 		com.mojang.brigadier.context.ContextChain.runExecutable(ContextChain.java:73)
[08:40:21] [Paper Watchdog Thread/ERROR]: 		net.minecraft.commands.execution.tasks.ExecuteCommand.execute(ExecuteCommand.java:30)
[08:40:21] [Paper Watchdog Thread/ERROR]: 		net.minecraft.commands.execution.tasks.ExecuteCommand.execute(ExecuteCommand.java:13)
[08:40:21] [Paper Watchdog Thread/ERROR]: 		net.minecraft.commands.execution.UnboundEntryAction.lambda$bind$0(UnboundEntryAction.java:8)
[08:40:21] [Paper Watchdog Thread/ERROR]: 		net.minecraft.commands.execution.UnboundEntryAction$$Lambda/0x00000000783c8b08.execute(Unknown Source)
[08:40:21] [Paper Watchdog Thread/ERROR]: 		net.minecraft.commands.execution.CommandQueueEntry.execute(CommandQueueEntry.java:5)
[08:40:21] [Paper Watchdog Thread/ERROR]: 		net.minecraft.commands.execution.ExecutionContext.runCommandQueue(ExecutionContext.java:105)
[08:40:21] [Paper Watchdog Thread/ERROR]: 		net.minecraft.commands.Commands.executeCommandInContext(Commands.java:449)
[08:40:21] [Paper Watchdog Thread/ERROR]: 		net.minecraft.commands.Commands.performCommand(Commands.java:357)
[08:40:21] [Paper Watchdog Thread/ERROR]: 		net.minecraft.commands.Commands.performCommand(Commands.java:347)
[08:40:21] [Paper Watchdog Thread/ERROR]: 		net.minecraft.commands.Commands.performCommand(Commands.java:341)
[08:40:21] [Paper Watchdog Thread/ERROR]: 		net.minecraft.server.network.ServerGamePacketListenerImpl.performUnsignedChatCommand(ServerGamePacketListenerImpl.java:2269)
[08:40:21] [Paper Watchdog Thread/ERROR]: 		net.minecraft.server.network.ServerGamePacketListenerImpl.lambda$handleChatCommand$12(ServerGamePacketListenerImpl.java:2242)
[08:40:21] [Paper Watchdog Thread/ERROR]: 		net.minecraft.server.network.ServerGamePacketListenerImpl$$Lambda/0x00000000783c28f8.run(Unknown Source)
[08:40:21] [Paper Watchdog Thread/ERROR]: 		net.minecraft.server.TickTask.run(TickTask.java:18)
[08:40:21] [Paper Watchdog Thread/ERROR]: 		net.minecraft.util.thread.BlockableEventLoop.doRunTask(BlockableEventLoop.java:155)
[08:40:21] [Paper Watchdog Thread/ERROR]: 		net.minecraft.util.thread.ReentrantBlockableEventLoop.doRunTask(ReentrantBlockableEventLoop.java:24)
[08:40:21] [Paper Watchdog Thread/ERROR]: 		net.minecraft.server.MinecraftServer.doRunTask(MinecraftServer.java:1446)
[08:40:21] [Paper Watchdog Thread/ERROR]: 		net.minecraft.server.MinecraftServer.doRunTask(MinecraftServer.java:175)
[08:40:21] [Paper Watchdog Thread/ERROR]: 		net.minecraft.util.thread.BlockableEventLoop.pollTask(BlockableEventLoop.java:129)
[08:40:21] [Paper Watchdog Thread/ERROR]: 		net.minecraft.server.MinecraftServer.pollTaskInternal(MinecraftServer.java:1426)
[08:40:21] [Paper Watchdog Thread/ERROR]: 		net.minecraft.server.MinecraftServer.pollTask(MinecraftServer.java:1420)
[08:40:21] [Paper Watchdog Thread/ERROR]: 		net.minecraft.util.thread.BlockableEventLoop.managedBlock(BlockableEventLoop.java:139)
[08:40:21] [Paper Watchdog Thread/ERROR]: 		net.minecraft.server.MinecraftServer.managedBlock(MinecraftServer.java:1377)
[08:40:21] [Paper Watchdog Thread/ERROR]: 		net.minecraft.server.MinecraftServer.waitUntilNextTick(MinecraftServer.java:1385)
[08:40:21] [Paper Watchdog Thread/ERROR]: 		net.minecraft.server.MinecraftServer.runServer(MinecraftServer.java:1262)
[08:40:21] [Paper Watchdog Thread/ERROR]: 		net.minecraft.server.MinecraftServer.lambda$spin$2(MinecraftServer.java:308)
[08:40:21] [Paper Watchdog Thread/ERROR]: 		net.minecraft.server.MinecraftServer$$Lambda/0x0000000076d98a50.run(Unknown Source)
[08:40:21] [Paper Watchdog Thread/ERROR]: 		java.base@25.0.1/java.lang.Thread.runWith(Thread.java:1487)
[08:40:21] [Paper Watchdog Thread/ERROR]: 		java.base@25.0.1/java.lang.Thread.run(Thread.java:1474)
[08:40:21] [Paper Watchdog Thread/ERROR]: ------------------------------
[08:40:21] [Paper Watchdog Thread/ERROR]: --- DO NOT REPORT THIS TO PAPER - THIS IS NOT A BUG OR A CRASH ---
[08:40:21] [Paper Watchdog Thread/ERROR]: ------------------------------
[08:40:21] [Server thread/INFO]: Preparing spawn area: 18%
[08:40:22] [Server thread/INFO]: Preparing spawn area: 24%
[08:40:22] [Server thread/INFO]: [WorldGuard] Default configuration file written: config_world.yml
[08:40:22] [Server thread/INFO]: [WorldGuard] Default configuration file written: blacklist.txt
[08:40:22] [Server thread/INFO]: [WorldGuard] (survival) TNT ignition is PERMITTED.
[08:40:22] [Server thread/INFO]: [WorldGuard] (survival) Lighters are PERMITTED.
[08:40:22] [Server thread/INFO]: [WorldGuard] (survival) Lava fire is PERMITTED.
[08:40:22] [Server thread/INFO]: [WorldGuard] (survival) Fire spread is UNRESTRICTED.
[08:40:22] [Server thread/INFO]: [WorldGuard] Loaded configuration for world 'survival'
[08:40:22] [Server thread/INFO]: Preparing spawn area: 51%
[08:40:23] [Server thread/INFO]: Preparing spawn area: 51%
[08:40:23] [Server thread/INFO]: Preparing spawn area: 61%
[08:40:24] [Server thread/INFO]: Time elapsed: 4349 ms
[08:40:24] [Server thread/WARN]: Can't keep up! Is the server overloaded? Running 4365ms or 87 ticks behind
[08:40:42] [Server thread/INFO]: OmHackz issued server command: /rtp survival
[08:41:01] [Server thread/WARN]: OmHackz moved too quickly! 6.294997082209761,4.851917235722169,7.3453814382724545
[08:41:38] [Server thread/INFO]: OmHackz issued server command: /znpcs action 4 add CMD rtp world survival
[08:41:41] [Server thread/INFO]: [BetterRTP] This is not an error! UseLocationIfAvailable is set to `true`, but no location was found for OmHackz! Using world defaults! (Maybe they dont have permission?)
[08:41:41] [Server thread/WARN]: [BetterRTP] Seems like the world `survival` does not have a `WorldType` declared. Please add/fix this in the config.yml file! This world will be treated as an overworld! If this world is a nether world, configure it to NETHER (example: `- survival: NETHER`
[08:41:52] [Thread-19/INFO]: [gg.playit.control.ChannelSetup] send keep alive
[08:42:04] [Thread-19/INFO]: [gg.playit.control.ChannelSetup] send keep alive
[08:42:25] [Server thread/INFO]: OmHackz issued server command: /gamemode creative
[08:42:31] [Server thread/WARN]: OmHackz moved too quickly! -16.599553343588923,5.604276887114253,-2.150718426591652
[08:43:27] [Server thread/INFO]: OmHackz issued server command: /dhub reload
[08:43:27] [Server thread/INFO]: [DeluxeHubReloaded] Loaded custom menu 'serverselector'.
[08:43:27] [Server thread/INFO]: [DeluxeHubReloaded] [ACF] Enabled Asynchronous Tab Completion Support!
[08:43:27] [Server thread/INFO]: [DeluxeHubReloaded] Loaded 13 plugin modules.
[08:45:01] [Server thread/INFO]: OmHackz issued server command: /spawner give spawner OmHackz skeleton
[08:45:26] [Server thread/INFO]: OmHackz issued server command: /spawner give spawner OmHackz skeleton 64
[08:45:28] [Server thread/INFO]: OmHackz issued server command: /gamemode survival
[08:45:37] [Server thread/INFO]: OmHackz issued server command: /spawner give spawner OmHackz skeleton 512
[08:45:55] [Thread-19/INFO]: [gg.playit.control.ChannelSetup] send keep alive
[08:46:07] [Thread-19/INFO]: [gg.playit.control.ChannelSetup] send keep alive
[08:46:31] [Server thread/INFO]: OmHackz issued server command: /gamemode creative
[08:47:15] [Server thread/INFO]: OmHackz issued server command: /clear
[08:47:29] [Server thread/INFO]: OmHackz issued server command: /mvtp world
[08:47:42] [Server thread/INFO]: OmHackz issued server command: /setworldspawn
[08:47:42] [Server thread/INFO]: [OmHackz: Set the world spawn point to 240, 259, -407 [0.0]]
[08:47:47] [Server thread/INFO]: OmHackz issued server command: /setlobby
[08:47:57] [Server thread/INFO]: OmHackz issued server command: /gamemode creative
[08:48:03] [Server thread/INFO]: OmHackz issued server command: /ah
[08:48:41] [Server thread/INFO]: OmHackz issued server command: /spawner give spawner OmHackz skeleton 64
[08:48:54] [Server thread/INFO]: OmHackz issued server command: /ah sell 100k
[08:49:07] [Server thread/INFO]: OmHackz issued server command: /ah
[08:49:58] [Thread-19/INFO]: [gg.playit.control.ChannelSetup] send keep alive
[08:50:10] [Thread-19/INFO]: [gg.playit.control.ChannelSetup] send keep alive
[08:51:18] [Server thread/INFO]: OmHackz issued server command: /znpcs create 5 PLAYER &eᴄʟɪᴄᴋ-ᴍᴇ
[08:51:30] [Server thread/INFO]: OmHackz issued server command: /znpcs skin 5 ᴄʟɪᴄᴋ ᴍᴇ
[08:51:41] [Server thread/INFO]: OmHackz issued server command: /znpcs skin 5 twinmage409
[08:51:57] [Server thread/INFO]: OmHackz issued server command: /znpcs toggle 5 look
[08:52:30] [Server thread/INFO]: OmHackz issued server command: /znpcs lines 5 add &bᴠɪᴇᴡ ᴛʜᴇ ѕʜᴏᴘ
[08:53:04] [Server thread/INFO]: OmHackz issued server command: /znpcs lines 5 add &a&lѕʜᴏᴘ
[08:53:37] [Server thread/INFO]: OmHackz issued server command: /znpcs action 5 add CMD shop
[08:54:00] [Thread-19/INFO]: [gg.playit.control.ChannelSetup] send keep alive
[08:54:04] [Server thread/INFO]: OmHackz issued server command: /sell
[08:54:13] [Thread-19/INFO]: [gg.playit.control.ChannelSetup] send keep alive
[08:54:38] [Server thread/INFO]: OmHackz issued server command: /give @s sugercane 512
[08:55:00] [Server thread/INFO]: OmHackz issued server command: /give @s sugar_cane 64
[08:55:10] [Server thread/INFO]: OmHackz issued server command: /give OmHackz sugar_cane 64
[08:55:16] [Server thread/INFO]: OmHackz issued server command: /sellhand
[08:55:19] [Server thread/INFO]: OmHackz issued server command: /sell hand
[08:55:19] [Server thread/INFO]: [Essentials] OmHackz sold sugar_cane for $1,920 (64 items at $30 each).
[08:57:25] [Server thread/INFO]: OmHackz issued server command: /znpcs create 6 PLAYER &eᴄʟɪᴄᴋ-ᴍᴇ
[08:58:03] [Thread-19/INFO]: [gg.playit.control.ChannelSetup] send keep alive
[08:58:04] [Server thread/INFO]: OmHackz issued server command: /znpcs lines 6 add &bᴠɪᴇᴡ ᴛʜᴇ ᴀᴜᴄᴛɪᴏɴ ʜᴏᴜѕᴇ
[08:58:16] [Thread-19/INFO]: [gg.playit.control.ChannelSetup] send keep alive
[08:58:27] [Server thread/INFO]: OmHackz issued server command: /znpcs lines 5 add &a&lᴀᴜᴄᴛɪᴏɴ ʜᴏᴜѕᴇ
[08:58:45] [Server thread/INFO]: OmHackz issued server command: /znpcs delete 5
[08:58:54] [Server thread/INFO]: OmHackz issued server command: /znpcs lines 6 add &a&lᴀᴜᴄᴛɪᴏɴ ʜᴏᴜѕᴇ
[08:59:15] [Server thread/INFO]: OmHackz issued server command: /znpcs create 5 PLAYER &eᴄʟɪᴄᴋ-ᴍᴇ
[08:59:27] [Server thread/INFO]: OmHackz issued server command: /znpcs lines 5 add &bᴠɪᴇᴡ ᴛʜᴇ ѕʜᴏᴘ
[08:59:42] [Server thread/INFO]: OmHackz issued server command: /znpcs lines 5 add &a&lѕʜᴏᴘ
[08:59:54] [Server thread/INFO]: OmHackz issued server command: /znpcs action 5 add CMD shop
[09:00:12] [Server thread/INFO]: OmHackz issued server command: /znpcs skin 5 twinmage409
[09:00:20] [Server thread/INFO]: OmHackz issued server command: /znpcs toggle 5 look
[09:00:26] [Server thread/INFO]: OmHackz issued server command: /znpcs toggle 6 look
[09:00:46] [Server thread/INFO]: OmHackz issued server command: /znpcs action 6 add CMD ah
[09:01:09] [Server thread/INFO]: OmHackz issued server command: /znpcs skin 6 https://static.planetminecraft.com/files/resource_media/skin/sophie-howls-moving-castle-mc-skin-17991901-e1980.png
[09:02:00] [Server thread/WARN]: OmHackz moved too quickly! -1.8585208700335443,4.790428074554768,-9.869833219898737
[09:02:06] [Thread-19/INFO]: [gg.playit.control.ChannelSetup] send keep alive
[09:02:09] [Async Chat Thread - #2/INFO]: [Not Secure] <ᴏᴡɴᴇʀ OmHackz> %playtime%
[09:02:18] [Thread-19/INFO]: [gg.playit.control.ChannelSetup] send keep alive
[09:02:31] [Server thread/INFO]: OmHackz issued server command: /papi ecloud download PlayerTime
[09:02:32] [placeholderapi-io-#4/INFO]: [PlaceholderAPI] Fetching available expansion information...
[09:02:38] [Server thread/INFO]: OmHackz issued server command: /papi reload
[09:02:38] [Server thread/INFO]: [PlaceholderAPI] Placeholder expansion registration initializing...
[09:02:38] [Server thread/INFO]: [PlaceholderAPI] Fetching available expansion information...
[09:02:38] [Server thread/INFO]: [PlaceholderAPI] Successfully registered external expansion: vault [1.8.3]
[09:02:38] [Server thread/INFO]: [PlaceholderAPI] Successfully registered external expansion: server [2.7.3]
[09:02:38] [Server thread/INFO]: [PlaceholderAPI] Successfully registered external expansion: statistic [2.0.2]
[09:02:38] [Server thread/INFO]: [PlaceholderAPI] Successfully registered external expansion: player [2.0.9]
[09:02:38] [Server thread/INFO]: [PlaceholderAPI] Successfully registered external expansion: world [1.2.3]
[09:02:38] [Server thread/WARN]: [PlaceholderAPI] Cannot load expansion playertime due to a missing plugin: PlayerTime
[09:02:46] [Async Chat Thread - #2/INFO]: [Not Secure] <ᴏᴡɴᴇʀ OmHackz> %playtime%
[09:02:55] [Async Chat Thread - #2/INFO]: [Not Secure] <ᴏᴡɴᴇʀ OmHackz> %player_playtime%
[09:03:01] [Async Chat Thread - #2/INFO]: [Not Secure] <ᴏᴡɴᴇʀ OmHackz> %player_time%
[09:05:22] [Server thread/INFO]: OmHackz issued server command: /crate
[09:05:28] [Server thread/WARN]: OmHackz moved too quickly! -31.49449127270927,0.20326439933131724,0.12584470480663867
[09:05:57] [Server thread/WARN]: OmHackz moved too quickly! 15.070436548661746,3.5159788895497286,1.4095562256275684
[09:06:09] [Thread-19/INFO]: [gg.playit.control.ChannelSetup] send keep alive
[09:06:21] [Thread-19/INFO]: [gg.playit.control.ChannelSetup] send keep alive
[09:07:30] [Server thread/INFO]: OmHackz issued server command: /nick ᴏᴍʜᴀᴄᴋᴢ
[09:09:41] [Craft Scheduler Thread - 235 - DonutBaltop/WARN]: Failed to load player data for 
[09:10:12] [Thread-19/INFO]: [gg.playit.control.ChannelSetup] send keep alive
[09:10:22] [Server thread/INFO]: OmHackz issued server command: /znpcs create 7 PLAYER &eᴄʟɪᴄᴋ-ᴍᴇ
[09:10:24] [Thread-19/INFO]: [gg.playit.control.ChannelSetup] send keep alive
[09:10:37] [Server thread/INFO]: OmHackz issued server command: /znpcs skin 7 SageRedOne
[09:10:59] [Server thread/INFO]: OmHackz issued server command: /znpcs toggle 7 look
[09:12:01] [Server thread/INFO]: OmHackz issued server command: /znpcs lines 7 add &bᴠɪᴇᴡ ʏᴏᴜʀ ѕᴛᴀᴛѕ
[09:12:23] [Server thread/INFO]: OmHackz issued server command: /znpcs lines 7 add &a&lѕᴛᴀᴛѕ
[09:13:38] [Server thread/INFO]: Done...
[09:14:15] [Thread-19/INFO]: [gg.playit.control.ChannelSetup] send keep alive
[09:14:27] [Thread-19/INFO]: [gg.playit.control.ChannelSetup] send keep alive
[09:14:31] [Server thread/INFO]: OmHackz issued server command: /papi ecloud download Teams
[09:14:31] [placeholderapi-io-#7/INFO]: [PlaceholderAPI] Fetching available expansion information...
[09:14:40] [Server thread/INFO]: OmHackz issued server command: /papi reload
[09:14:40] [Server thread/INFO]: [PlaceholderAPI] Placeholder expansion registration initializing...
[09:14:40] [Server thread/INFO]: [PlaceholderAPI] Fetching available expansion information...
[09:14:40] [Server thread/INFO]: [PlaceholderAPI] Successfully registered external expansion: vault [1.8.3]
[09:14:40] [Server thread/INFO]: [PlaceholderAPI] Successfully registered external expansion: server [2.7.3]
[09:14:40] [Server thread/INFO]: [PlaceholderAPI] Successfully registered external expansion: statistic [2.0.2]
[09:14:40] [Server thread/INFO]: [PlaceholderAPI] Successfully registered external expansion: player [2.0.9]
[09:14:40] [Server thread/INFO]: [PlaceholderAPI] Successfully registered external expansion: team [1.2]
[09:14:40] [Server thread/INFO]: [PlaceholderAPI] Successfully registered external expansion: world [1.2.3]
[09:14:40] [Server thread/WARN]: [PlaceholderAPI] Cannot load expansion playertime due to a missing plugin: PlayerTime
[09:15:13] [Server thread/INFO]: OmHackz issued server command: /baltop
[09:15:13] [Craft Scheduler Thread - 255 - DonutBaltop/WARN]: Failed to load player data for 
[09:15:13] [Craft Scheduler Thread - 255 - DonutBaltop/WARN]: Failed to load player data for 
[09:15:14] [Craft Scheduler Thread - 255 - DonutBaltop/INFO]: [Essentials] Created a User for null (067632f8-fd23-4226-9406-fac366a62480) for non Bukkit type: com.earth2me.essentials.OfflinePlayerStub
[09:16:02] [Server thread/WARN]: OmHackz moved too quickly! -30.060276048038503,5.088442388721035,-0.22418896271358335
[09:16:22] [Server thread/WARN]: OmHackz moved too quickly! -182.3290969673375,-243.5784000015259,421.80000001192093
[09:16:30] [Server thread/WARN]: OmHackz moved too quickly! -219.43502943895754,-244.0784000015259,421.8542395975316
[09:16:36] [Server thread/WARN]: OmHackz moved too quickly! -16.015996622353725,-2.7067680504150076,0.34371740575272725
[09:17:38] [Server thread/INFO]: OmHackz issued server command: /team
[09:18:18] [Thread-19/INFO]: [gg.playit.control.ChannelSetup] send keep alive
[09:18:30] [Thread-19/INFO]: [gg.playit.control.ChannelSetup] send keep alive
[09:18:58] [Server thread/INFO]: OmHackz issued server command: /bal
[09:19:22] [Server thread/INFO]: Stopping server
[09:19:22] [Server thread/INFO]: [BetterTeams] Disabling BetterTeams v4.15.2
[09:19:22] [Server thread/INFO]: [EssentialsChat] Disabling EssentialsChat v2.21.1
[09:19:22] [Server thread/INFO]: [DonutHome] Disabling DonutHome v4
[09:19:22] [Server thread/INFO]: [TAB] Disabling TAB v5.4.0
[09:19:22] [Server thread/INFO]: [TAB] Disabled in 1ms
[09:19:22] [Server thread/INFO]: [playit-gg] Disabling playit-gg v0.1.4
[09:19:22] [Server thread/INFO]: [DonutBaltop] Disabling DonutBaltop v4
[09:19:22] [Server thread/INFO]: [BetterRTP] Disabling BetterRTP v3.4.2-1
[09:19:22] [Server thread/INFO]: [PhoenixCratesLite] Disabling PhoenixCratesLite v4.3.4
[09:19:22] [Server thread/INFO]: [Shop] Disabling Shop v8
[09:19:22] [Server thread/INFO]: [Stats] Disabling Stats v2
[09:19:22] [Server thread/INFO]: [EssentialsSpawn] Disabling EssentialsSpawn v2.21.1
[09:19:22] [Server thread/INFO]: [Multiverse-Portals] Disabling Multiverse-Portals v5.1.1
[09:19:22] [Server thread/INFO]: [SmartSpawner] Disabling SmartSpawner v1.5.7.1
[09:19:22] [Server thread/INFO]: [SmartSpawner] SmartSpawner has been disabled!
[09:19:22] [Server thread/INFO]: [Multiverse-Inventories] Disabling Multiverse-Inventories v5.2.2
[09:19:22] [Server thread/INFO]: [AuctionHouse] Disabling AuctionHouse v11
[09:19:22] [Server thread/INFO]: [ServersNPC] Disabling ServersNPC v5.2
[09:19:22] [Server thread/INFO]: [SkinsRestorer] Disabling SkinsRestorer v15.9.1
[09:19:22] [Server thread/INFO]: [Essentials] Disabling Essentials v2.21.1
[09:19:22] [Server thread/INFO]: [Vault] [Economy] Essentials Economy unhooked.
[09:19:22] [Server thread/INFO]: [WorldGuard] Disabling WorldGuard v7.0.14+2339-43997ec
[09:19:22] [Server thread/INFO]: [WorldGuard] Shutting down executor and cancelling any pending tasks...
[09:19:22] [Server thread/INFO]: [ViaBackwards] Disabling ViaBackwards v5.6.0
[09:19:22] [Thread-19/INFO]: [gg.playit.minecraft.PlayitManager] control channel shutdown
[09:19:22] [Server thread/INFO]: [DeluxeHubReloaded] Disabling DeluxeHubReloaded v3.7.2
[09:19:22] [Server thread/INFO]: [WorldEdit] Disabling WorldEdit v7.3.17+7262-c7fbe08
[09:19:22] [Server thread/INFO]: Unregistering com.sk89q.worldedit.bukkit.BukkitServerInterface from WorldEdit
[09:19:22] [Server thread/INFO]: [Multiverse-Core] Disabling Multiverse-Core v5.3.4
[09:19:22] [Server thread/INFO]: [Vault] Disabling Vault v1.7.3-b131
[09:19:22] [Server thread/INFO]: [PlaceholderAPI] Unregistered placeholder expansion vault
[09:19:22] [Server thread/INFO]: [PlaceholderAPI] Reason: required plugin Vault was disabled.
[09:19:22] [Server thread/INFO]: [PlaceholderAPI] Disabling PlaceholderAPI v2.11.7
[09:19:22] [Server thread/INFO]: [LuckPerms] Disabling LuckPerms v5.5.17
[09:19:22] [Server thread/INFO]: [LuckPerms] Starting shutdown process...
[09:19:22] [Server thread/INFO]: [LuckPerms] Closing storage...
[09:19:22] [Server thread/INFO]: [LuckPerms] Goodbye!
[09:19:22] [Server thread/INFO]: [ViaVersion] Disabling ViaVersion v5.6.0
[09:19:22] [Server thread/INFO]: [ViaVersion] ViaVersion has been disabled; uninjected the platform and shut down the scheduler.
[09:19:22] [Server thread/INFO]: Saving players
[09:19:22] [Server thread/INFO]: OmHackz lost connection: Server closed
[09:19:22] [Server thread/INFO]: OmHackz left the game
[09:19:22] [Server thread/INFO]: Saving worlds
[09:19:22] [Server thread/INFO]: Saving chunks for level 'ServerLevel[world]'/minecraft:overworld
[09:19:22] [Server thread/INFO]: [ChunkHolderManager] Waiting 60s for chunk system to halt for world 'world'
[09:19:22] [Server thread/INFO]: [ChunkHolderManager] Halted chunk system for world 'world'
[09:19:22] [Server thread/INFO]: [ChunkHolderManager] Saving all chunkholders for world 'world'
[09:19:22] [Server thread/INFO]: [ChunkHolderManager] Saved 2 block chunks, 2 entity chunks, 0 poi chunks in world 'world' in 0.01s
[09:19:22] [Server thread/INFO]: [ChunkHolderManager] Waiting 60s for chunk I/O to halt for world 'world'
[09:19:22] [Server thread/INFO]: [ChunkHolderManager] Halted I/O scheduler for world 'world'
[09:19:22] [Server thread/INFO]: Saving chunks for level 'ServerLevel[world_nether]'/minecraft:the_nether
[09:19:22] [Server thread/INFO]: [ChunkHolderManager] Waiting 60s for chunk system to halt for world 'world_nether'
[09:19:22] [Server thread/INFO]: [ChunkHolderManager] Halted chunk system for world 'world_nether'
[09:19:22] [Server thread/INFO]: [ChunkHolderManager] Saving all chunkholders for world 'world_nether'
[09:19:22] [Server thread/INFO]: [ChunkHolderManager] Saved 0 block chunks, 0 entity chunks, 0 poi chunks in world 'world_nether' in 0.00s
[09:19:22] [Server thread/INFO]: [ChunkHolderManager] Waiting 60s for chunk I/O to halt for world 'world_nether'
[09:19:22] [Server thread/INFO]: [ChunkHolderManager] Halted I/O scheduler for world 'world_nether'
[09:19:22] [Server thread/INFO]: Saving chunks for level 'ServerLevel[world_the_end]'/minecraft:the_end
[09:19:22] [Server thread/INFO]: [ChunkHolderManager] Waiting 60s for chunk system to halt for world 'world_the_end'
[09:19:22] [Server thread/INFO]: [ChunkHolderManager] Halted chunk system for world 'world_the_end'
[09:19:22] [Server thread/INFO]: [ChunkHolderManager] Saving all chunkholders for world 'world_the_end'
[09:19:22] [Server thread/INFO]: [ChunkHolderManager] Saved 0 block chunks, 0 entity chunks, 0 poi chunks in world 'world_the_end' in 0.00s
[09:19:22] [Server thread/INFO]: [ChunkHolderManager] Waiting 60s for chunk I/O to halt for world 'world_the_end'
[09:19:22] [Server thread/INFO]: [ChunkHolderManager] Halted I/O scheduler for world 'world_the_end'
[09:19:23] [Server thread/INFO]: Saving chunks for level 'ServerLevel[survival]'/minecraft:survival
[09:19:23] [Server thread/INFO]: [ChunkHolderManager] Waiting 60s for chunk system to halt for world 'survival'
[09:19:23] [Server thread/INFO]: [ChunkHolderManager] Halted chunk system for world 'survival'
[09:19:23] [Server thread/INFO]: [ChunkHolderManager] Saving all chunkholders for world 'survival'
[09:19:23] [Server thread/INFO]: [ChunkHolderManager] Saved 791 block chunks, 1 entity chunks, 0 poi chunks in world 'survival' in 0.35s
[09:19:23] [Server thread/INFO]: [ChunkHolderManager] Waiting 60s for chunk I/O to halt for world 'survival'
[09:19:23] [Server thread/INFO]: [ChunkHolderManager] Halted I/O scheduler for world 'survival'
[09:19:23] [Server thread/INFO]: ThreadedAnvilChunkStorage (world): All chunks are saved
[09:19:23] [Server thread/INFO]: ThreadedAnvilChunkStorage (DIM-1): All chunks are saved
[09:19:23] [Server thread/INFO]: ThreadedAnvilChunkStorage (DIM1): All chunks are saved
[09:19:23] [Server thread/INFO]: ThreadedAnvilChunkStorage (survival): All chunks are saved
[09:19:23] [Server thread/INFO]: ThreadedAnvilChunkStorage: All dimensions are saved
[09:19:23] [Server thread/INFO]: Waiting for all RegionFile I/O tasks to complete...
[09:19:23] [Server thread/INFO]: All RegionFile I/O tasks to complete
[09:19:23] [Server thread/INFO]: [MoonriseCommon] Awaiting termination of worker pool for up to 60s...
[09:19:23] [Server thread/INFO]: [MoonriseCommon] Awaiting termination of I/O pool for up to 60s...
